<?xml version="1.0" encoding="UTF-8" ?>
<testsuite 
errors="0" failures="0" hostname="ubuntu" name="com.xiaomi.smarthome.米家" tests="17" time="0.0" timestamp="2023-07-25T20:16:40">
  <properties>
    <property name="java.runtime.name" value="OpenJDK Runtime Environment"/>
    <property 
    name="sun.boot.library.path" value="/usr/lib/jvm/java-8-openjdk-amd64/jre/lib/amd64">
</property>
    <property name="java.vm.version" value="25.362-b09"/>
    <property name="java.vm.vendor" value="Private Build"/>
    <property name="java.vendor.url" value="http://java.oracle.com/"/>
    <property name="path.separator" value=":"/>
    <property name="java.vm.name" value="OpenJDK 64-Bit Server VM"/>
    <property name="file.encoding.pkg" value="sun.io"/>
    <property name="sun.java.launcher" value="SUN_STANDARD"/>
    <property name="sun.os.patch.level" value="unknown"/>
    <property 
    name="java.vm.specification.name" value="Java Virtual Machine Specification">
</property>
    <property 
    name="user.dir" value="/home/szx/Documents/UI-run/appcrawler/mihome">
</property>
    <property 
    name="java.runtime.version" value="1.8.0_362-8u372-ga~us1-0ubuntu1~20.04-b09">
</property>
    <property 
    name="java.awt.graphicsenv" value="sun.awt.X11GraphicsEnvironment">
</property>
    <property 
    name="java.endorsed.dirs" value="/usr/lib/jvm/java-8-openjdk-amd64/jre/lib/endorsed">
</property>
    <property name="os.arch" value="amd64"/>
    <property 
    name="javax.accessibility.assistive_technologies" value="org.GNOME.Accessibility.AtkWrapper">
</property>
    <property name="java.io.tmpdir" value="/tmp"/>
    <property name="line.separator" value=" "/>
    <property name="java.vm.specification.vendor" value="Oracle Corporation"/>
    <property name="os.name" value="Linux"/>
    <property name="sun.jnu.encoding" value="UTF-8"/>
    <property 
    name="java.library.path" value="/usr/java/packages/lib/amd64:/usr/lib/x86_64-linux-gnu/jni:/lib/x86_64-linux-gnu:/usr/lib/x86_64-linux-gnu:/usr/lib/jni:/lib:/usr/lib">
</property>
    <property 
    name="java.specification.name" value="Java Platform API Specification">
</property>
    <property name="java.class.version" value="52.0"/>
    <property 
    name="sun.management.compiler" value="HotSpot 64-Bit Tiered Compilers">
</property>
    <property name="os.version" value="5.13.0-19-generic"/>
    <property name="user.home" value="/home/szx"/>
    <property name="user.timezone" value="America/Los_Angeles"/>
    <property name="java.awt.printerjob" value="sun.print.PSPrinterJob"/>
    <property name="file.encoding" value="UTF-8"/>
    <property name="java.specification.version" value="1.8"/>
    <property name="user.name" value="szx"/>
    <property name="java.class.path" value="../appcrawler-2.7.4-hogwarts.jar"/>
    <property name="java.vm.specification.version" value="1.8"/>
    <property name="sun.arch.data.model" value="64"/>
    <property name="java.home" value="/usr/lib/jvm/java-8-openjdk-amd64/jre"/>
    <property 
    name="sun.java.command" value="../appcrawler-2.7.4-hogwarts.jar -c mihome.yaml">
</property>
    <property name="java.specification.vendor" value="Oracle Corporation"/>
    <property name="user.language" value="en"/>
    <property name="awt.toolkit" value="sun.awt.X11.XToolkit"/>
    <property name="java.vm.info" value="mixed mode"/>
    <property name="java.version" value="1.8.0_362"/>
    <property 
    name="java.ext.dirs" value="/usr/lib/jvm/java-8-openjdk-amd64/jre/lib/ext:/usr/java/packages/lib/ext">
</property>
    <property 
    name="sun.boot.class.path" value="/usr/lib/jvm/java-8-openjdk-amd64/jre/lib/resources.jar:/usr/lib/jvm/java-8-openjdk-amd64/jre/lib/rt.jar:/usr/lib/jvm/java-8-openjdk-amd64/jre/lib/sunrsasign.jar:/usr/lib/jvm/java-8-openjdk-amd64/jre/lib/jsse.jar:/usr/lib/jvm/java-8-openjdk-amd64/jre/lib/jce.jar:/usr/lib/jvm/java-8-openjdk-amd64/jre/lib/charsets.jar:/usr/lib/jvm/java-8-openjdk-amd64/jre/lib/jfr.jar:/usr/lib/jvm/java-8-openjdk-amd64/jre/classes">
</property>
    <property name="java.vendor" value="Private Build"/>
    <property name="java.specification.maintenance.version" value="4"/>
    <property name="file.separator" value="/"/>
    <property 
    name="java.vendor.url.bug" value="http://bugreport.sun.com/bugreport/">
</property>
    <property name="sun.cpu.endian" value="little"/>
    <property name="sun.io.unicode.encoding" value="UnicodeLittle"/>
    <property name="sun.font.fontmanager" value="sun.awt.X11FontManager"/>
    <property name="sun.desktop" value="gnome"/>
    <property name="sun.cpu.isalist" value=""/>
  </properties>
  <testcase 
  name="clickedIndex=0 action=CLICKED
xpath=//android.widget.FrameLayout[@class='android.widget.FrameLayout']" classname="com.xiaomi.smarthome.米家" time="0.0">
</testcase>
  <testcase 
  name="clickedIndex=1 action=CLICKED
xpath=//android.widget.FrameLayout[@class='android.widget.FrameLayout']//android.widget.LinearLayout[@class='android.widget.LinearLayout']//android.widget.FrameLayout[@class='android.widget.FrameLayout']//android.widget.LinearLayout[@resource-id='com.xiaomi.smarthome:id/e_' and @class='android.widget.LinearLayout']//android.widget.FrameLayout[@resource-id='android:id/content' and @class='android.widget.FrameLayout']//android.widget.FrameLayout[@resource-id='com.xiaomi.smarthome:id/ac6' and @class='android.widget.FrameLayout']//android.widget.RelativeLayout[@resource-id='com.xiaomi.smarthome:id/b_j' and @class='android.widget.RelativeLayout']//android.widget.FrameLayout[@resource-id='com.xiaomi.smarthome:id/bjz' and @class='android.widget.FrameLayout']//android.widget.RelativeLayout[@resource-id='com.xiaomi.smarthome:id/cic' and @class='android.widget.RelativeLayout']//android.view.ViewGroup[@resource-id='com.xiaomi.smarthome:id/coordinator_layout_vs' and @class='android.view.ViewGroup']//androidx.viewpager.widget.ViewPager[@resource-id='com.xiaomi.smarthome:id/dwm' and @class='androidx.viewpager.widget.ViewPager']//androidx.recyclerview.widget.RecyclerView[@class='androidx.recyclerview.widget.RecyclerView']//android.view.ViewGroup[@class='android.view.ViewGroup']//android.widget.LinearLayout[@resource-id='com.xiaomi.smarthome:id/a_3' and @class='android.widget.LinearLayout']//android.widget.TextView[@resource-id='com.xiaomi.smarthome:id/dlr' and @text='共享设备' and @class='android.widget.TextView']" classname="com.xiaomi.smarthome.米家" time="0.0">
</testcase>
  <testcase 
  name="clickedIndex=164 action=CLICKED
xpath=//android.widget.FrameLayout[@class='android.widget.FrameLayout']//android.widget.LinearLayout[@class='android.widget.LinearLayout']//android.widget.FrameLayout[@class='android.widget.FrameLayout']//android.widget.LinearLayout[@resource-id='com.xiaomi.smarthome:id/e_' and @class='android.widget.LinearLayout']//android.widget.FrameLayout[@resource-id='android:id/content' and @class='android.widget.FrameLayout']//android.widget.FrameLayout[@resource-id='com.xiaomi.smarthome:id/ac6' and @class='android.widget.FrameLayout']//android.widget.RelativeLayout[@resource-id='com.xiaomi.smarthome:id/b_j' and @class='android.widget.RelativeLayout']//android.widget.FrameLayout[@resource-id='com.xiaomi.smarthome:id/bjz' and @class='android.widget.FrameLayout']//android.widget.RelativeLayout[@resource-id='com.xiaomi.smarthome:id/cic' and @class='android.widget.RelativeLayout']//android.view.ViewGroup[@resource-id='com.xiaomi.smarthome:id/coordinator_layout_vs' and @class='android.view.ViewGroup']//androidx.viewpager.widget.ViewPager[@resource-id='com.xiaomi.smarthome:id/dwm' and @class='androidx.viewpager.widget.ViewPager']//androidx.recyclerview.widget.RecyclerView[@class='androidx.recyclerview.widget.RecyclerView']//android.view.ViewGroup[@class='android.view.ViewGroup']//android.widget.LinearLayout[@resource-id='com.xiaomi.smarthome:id/a_3' and @class='android.widget.LinearLayout']//android.widget.TextView[@resource-id='com.xiaomi.smarthome:id/dh2' and @text=' | ' and @class='android.widget.TextView']" classname="com.xiaomi.smarthome.米家" time="0.0">
</testcase>
  <testcase 
  name="clickedIndex=166 action=CLICKED
xpath=//android.widget.FrameLayout[@class='android.widget.FrameLayout']//android.widget.LinearLayout[@class='android.widget.LinearLayout']//android.widget.FrameLayout[@class='android.widget.FrameLayout']//android.widget.LinearLayout[@resource-id='com.xiaomi.smarthome:id/e_' and @class='android.widget.LinearLayout']//android.widget.FrameLayout[@resource-id='android:id/content' and @class='android.widget.FrameLayout']//android.widget.FrameLayout[@resource-id='com.xiaomi.smarthome:id/ac6' and @class='android.widget.FrameLayout']//android.widget.RelativeLayout[@resource-id='com.xiaomi.smarthome:id/b_j' and @class='android.widget.RelativeLayout']//android.widget.FrameLayout[@resource-id='com.xiaomi.smarthome:id/bjz' and @class='android.widget.FrameLayout']//android.widget.RelativeLayout[@resource-id='com.xiaomi.smarthome:id/cic' and @class='android.widget.RelativeLayout']//android.view.ViewGroup[@resource-id='com.xiaomi.smarthome:id/coordinator_layout_vs' and @class='android.view.ViewGroup']//androidx.viewpager.widget.ViewPager[@resource-id='com.xiaomi.smarthome:id/dwm' and @class='androidx.viewpager.widget.ViewPager']//androidx.recyclerview.widget.RecyclerView[@class='androidx.recyclerview.widget.RecyclerView']//android.view.ViewGroup[@class='android.view.ViewGroup']//android.widget.LinearLayout[@resource-id='com.xiaomi.smarthome:id/a_3' and @class='android.widget.LinearLayout']//android.widget.TextView[@resource-id='com.xiaomi.smarthome:id/dh1' and @text='设备离线' and @class='android.widget.TextView']" classname="com.xiaomi.smarthome.米家" time="0.0">
</testcase>
  <testcase 
  name="clickedIndex=168 action=CLICKED
xpath=//android.widget.FrameLayout[@class='android.widget.FrameLayout']//android.widget.LinearLayout[@class='android.widget.LinearLayout']//android.widget.FrameLayout[@class='android.widget.FrameLayout']//android.widget.LinearLayout[@resource-id='com.xiaomi.smarthome:id/e_' and @class='android.widget.LinearLayout']//android.widget.FrameLayout[@resource-id='android:id/content' and @class='android.widget.FrameLayout']//android.widget.FrameLayout[@resource-id='com.xiaomi.smarthome:id/ac6' and @class='android.widget.FrameLayout']//android.widget.RelativeLayout[@resource-id='com.xiaomi.smarthome:id/b_j' and @class='android.widget.RelativeLayout']//android.widget.FrameLayout[@resource-id='com.xiaomi.smarthome:id/bjz' and @class='android.widget.FrameLayout']//android.widget.RelativeLayout[@resource-id='com.xiaomi.smarthome:id/cic' and @class='android.widget.RelativeLayout']//android.view.ViewGroup[@resource-id='com.xiaomi.smarthome:id/coordinator_layout_vs' and @class='android.view.ViewGroup']//androidx.viewpager.widget.ViewPager[@resource-id='com.xiaomi.smarthome:id/dwm' and @class='androidx.viewpager.widget.ViewPager']//androidx.recyclerview.widget.RecyclerView[@class='androidx.recyclerview.widget.RecyclerView']//android.view.ViewGroup[@class='android.view.ViewGroup']//android.widget.TextView[@resource-id='com.xiaomi.smarthome:id/dgz' and @class='android.widget.TextView']" classname="com.xiaomi.smarthome.米家" time="0.0">
</testcase>
  <testcase 
  name="clickedIndex=170 action=CLICKED
xpath=//android.widget.FrameLayout[@class='android.widget.FrameLayout']//android.widget.LinearLayout[@class='android.widget.LinearLayout']//android.widget.FrameLayout[@class='android.widget.FrameLayout']//android.widget.LinearLayout[@resource-id='com.xiaomi.smarthome:id/e_' and @class='android.widget.LinearLayout']//android.widget.FrameLayout[@resource-id='android:id/content' and @class='android.widget.FrameLayout']//android.widget.FrameLayout[@resource-id='com.xiaomi.smarthome:id/ac6' and @class='android.widget.FrameLayout']//android.widget.RelativeLayout[@resource-id='com.xiaomi.smarthome:id/b_j' and @class='android.widget.RelativeLayout']//android.widget.FrameLayout[@resource-id='com.xiaomi.smarthome:id/bjz' and @class='android.widget.FrameLayout']//android.widget.RelativeLayout[@resource-id='com.xiaomi.smarthome:id/cic' and @class='android.widget.RelativeLayout']//android.view.ViewGroup[@resource-id='com.xiaomi.smarthome:id/coordinator_layout_vs' and @class='android.view.ViewGroup']//androidx.viewpager.widget.ViewPager[@resource-id='com.xiaomi.smarthome:id/dwm' and @class='androidx.viewpager.widget.ViewPager']//androidx.recyclerview.widget.RecyclerView[@class='androidx.recyclerview.widget.RecyclerView']//android.view.ViewGroup[@class='android.view.ViewGroup']" classname="com.xiaomi.smarthome.米家" time="0.0">
</testcase>
  <testcase 
  name="clickedIndex=175 action=CLICKED
xpath=//android.widget.FrameLayout[@class='android.widget.FrameLayout']//android.widget.LinearLayout[@class='android.widget.LinearLayout']//android.widget.FrameLayout[@class='android.widget.FrameLayout']//android.widget.LinearLayout[@resource-id='com.xiaomi.smarthome:id/e_' and @class='android.widget.LinearLayout']//android.widget.FrameLayout[@resource-id='android:id/content' and @class='android.widget.FrameLayout']//android.widget.FrameLayout[@resource-id='com.xiaomi.smarthome:id/ac6' and @class='android.widget.FrameLayout']//android.widget.RelativeLayout[@resource-id='com.xiaomi.smarthome:id/b_j' and @class='android.widget.RelativeLayout']//android.widget.FrameLayout[@resource-id='com.xiaomi.smarthome:id/bjz' and @class='android.widget.FrameLayout']//android.widget.RelativeLayout[@resource-id='com.xiaomi.smarthome:id/cic' and @class='android.widget.RelativeLayout']//android.view.ViewGroup[@resource-id='com.xiaomi.smarthome:id/coordinator_layout_vs' and @class='android.view.ViewGroup']//android.view.ViewGroup[@resource-id='com.xiaomi.smarthome:id/d9n' and @class='android.view.ViewGroup']//android.view.ViewGroup[@class='android.view.ViewGroup']//android.view.ViewGroup[@resource-id='com.xiaomi.smarthome:id/aci' and @class='android.view.ViewGroup']//android.widget.FrameLayout[@resource-id='com.xiaomi.smarthome:id/c06' and @class='android.widget.FrameLayout']//android.widget.FrameLayout[@class='android.widget.FrameLayout']//android.widget.HorizontalScrollView[@resource-id='com.xiaomi.smarthome:id/cm0' and @class='android.widget.HorizontalScrollView']//android.widget.FrameLayout[@class='android.widget.FrameLayout']//android.widget.LinearLayout[@resource-id='com.xiaomi.smarthome:id/d8_' and @class='android.widget.LinearLayout']//android.widget.TextView[@text='常用' and @class='android.widget.TextView']" classname="com.xiaomi.smarthome.米家" time="0.0">
</testcase>
  <testcase 
  name="clickedIndex=176 action=CLICKED
xpath=//android.widget.FrameLayout[@class='android.widget.FrameLayout']//android.widget.LinearLayout[@class='android.widget.LinearLayout']//android.widget.FrameLayout[@class='android.widget.FrameLayout']//android.widget.LinearLayout[@resource-id='com.xiaomi.smarthome:id/e_' and @class='android.widget.LinearLayout']//android.widget.FrameLayout[@resource-id='android:id/content' and @class='android.widget.FrameLayout']//android.widget.FrameLayout[@resource-id='com.xiaomi.smarthome:id/ac6' and @class='android.widget.FrameLayout']//android.widget.RelativeLayout[@resource-id='com.xiaomi.smarthome:id/b_j' and @class='android.widget.RelativeLayout']//android.widget.FrameLayout[@resource-id='com.xiaomi.smarthome:id/bjz' and @class='android.widget.FrameLayout']//android.widget.RelativeLayout[@resource-id='com.xiaomi.smarthome:id/cic' and @class='android.widget.RelativeLayout']//android.view.ViewGroup[@resource-id='com.xiaomi.smarthome:id/coordinator_layout_vs' and @class='android.view.ViewGroup']//android.view.ViewGroup[@resource-id='com.xiaomi.smarthome:id/d9n' and @class='android.view.ViewGroup']//android.view.ViewGroup[@class='android.view.ViewGroup']//android.view.ViewGroup[@resource-id='com.xiaomi.smarthome:id/aci' and @class='android.view.ViewGroup']//android.widget.FrameLayout[@resource-id='com.xiaomi.smarthome:id/c06' and @class='android.widget.FrameLayout']//android.widget.FrameLayout[@class='android.widget.FrameLayout']//android.widget.HorizontalScrollView[@resource-id='com.xiaomi.smarthome:id/cm0' and @class='android.widget.HorizontalScrollView']//android.widget.FrameLayout[@class='android.widget.FrameLayout']//android.widget.LinearLayout[@resource-id='com.xiaomi.smarthome:id/d8_' and @class='android.widget.LinearLayout']//android.widget.TextView[@text='客厅' and @class='android.widget.TextView']" classname="com.xiaomi.smarthome.米家" time="0.0">
</testcase>
  <testcase 
  name="clickedIndex=177 action=CLICKED
xpath=//android.widget.FrameLayout[@class='android.widget.FrameLayout']//android.widget.LinearLayout[@class='android.widget.LinearLayout']//android.widget.FrameLayout[@class='android.widget.FrameLayout']//android.widget.LinearLayout[@resource-id='com.xiaomi.smarthome:id/e_' and @class='android.widget.LinearLayout']//android.widget.FrameLayout[@resource-id='android:id/content' and @class='android.widget.FrameLayout']//android.widget.FrameLayout[@resource-id='com.xiaomi.smarthome:id/ac6' and @class='android.widget.FrameLayout']//android.widget.RelativeLayout[@resource-id='com.xiaomi.smarthome:id/b_j' and @class='android.widget.RelativeLayout']//android.widget.FrameLayout[@resource-id='com.xiaomi.smarthome:id/bjz' and @class='android.widget.FrameLayout']//android.widget.RelativeLayout[@resource-id='com.xiaomi.smarthome:id/cic' and @class='android.widget.RelativeLayout']//android.view.ViewGroup[@resource-id='com.xiaomi.smarthome:id/coordinator_layout_vs' and @class='android.view.ViewGroup']//android.view.ViewGroup[@resource-id='com.xiaomi.smarthome:id/d9n' and @class='android.view.ViewGroup']//android.view.ViewGroup[@class='android.view.ViewGroup']//android.view.ViewGroup[@resource-id='com.xiaomi.smarthome:id/aci' and @class='android.view.ViewGroup']//android.widget.FrameLayout[@resource-id='com.xiaomi.smarthome:id/c06' and @class='android.widget.FrameLayout']//android.widget.FrameLayout[@class='android.widget.FrameLayout']//android.widget.HorizontalScrollView[@resource-id='com.xiaomi.smarthome:id/cm0' and @class='android.widget.HorizontalScrollView']//android.widget.FrameLayout[@class='android.widget.FrameLayout']//android.widget.LinearLayout[@resource-id='com.xiaomi.smarthome:id/d8_' and @class='android.widget.LinearLayout']//android.widget.TextView[@text='Bedroom' and @class='android.widget.TextView']" classname="com.xiaomi.smarthome.米家" time="0.0">
</testcase>
  <testcase 
  name="clickedIndex=178 action=CLICKED
xpath=//android.widget.FrameLayout[@class='android.widget.FrameLayout']//android.widget.LinearLayout[@class='android.widget.LinearLayout']//android.widget.FrameLayout[@class='android.widget.FrameLayout']//android.widget.LinearLayout[@resource-id='com.xiaomi.smarthome:id/e_' and @class='android.widget.LinearLayout']//android.widget.FrameLayout[@resource-id='android:id/content' and @class='android.widget.FrameLayout']//android.widget.FrameLayout[@resource-id='com.xiaomi.smarthome:id/ac6' and @class='android.widget.FrameLayout']//android.widget.RelativeLayout[@resource-id='com.xiaomi.smarthome:id/b_j' and @class='android.widget.RelativeLayout']//android.widget.FrameLayout[@resource-id='com.xiaomi.smarthome:id/bjz' and @class='android.widget.FrameLayout']//android.widget.RelativeLayout[@resource-id='com.xiaomi.smarthome:id/cic' and @class='android.widget.RelativeLayout']//android.view.ViewGroup[@resource-id='com.xiaomi.smarthome:id/coordinator_layout_vs' and @class='android.view.ViewGroup']//android.view.ViewGroup[@resource-id='com.xiaomi.smarthome:id/d9n' and @class='android.view.ViewGroup']//android.view.ViewGroup[@class='android.view.ViewGroup']//android.view.ViewGroup[@resource-id='com.xiaomi.smarthome:id/aci' and @class='android.view.ViewGroup']//android.widget.FrameLayout[@resource-id='com.xiaomi.smarthome:id/c06' and @class='android.widget.FrameLayout']//android.widget.FrameLayout[@class='android.widget.FrameLayout']//android.widget.HorizontalScrollView[@resource-id='com.xiaomi.smarthome:id/cm0' and @class='android.widget.HorizontalScrollView']//android.widget.FrameLayout[@class='android.widget.FrameLayout']//android.widget.LinearLayout[@resource-id='com.xiaomi.smarthome:id/d8_' and @class='android.widget.LinearLayout']//android.widget.TextView[@class='android.widget.TextView']" classname="com.xiaomi.smarthome.米家" time="0.0">
</testcase>
  <testcase 
  name="clickedIndex=179 action=CLICKED
xpath=//android.widget.FrameLayout[@class='android.widget.FrameLayout']//android.widget.LinearLayout[@class='android.widget.LinearLayout']//android.widget.FrameLayout[@class='android.widget.FrameLayout']//android.widget.LinearLayout[@resource-id='com.xiaomi.smarthome:id/e_' and @class='android.widget.LinearLayout']//android.widget.FrameLayout[@resource-id='android:id/content' and @class='android.widget.FrameLayout']//android.widget.FrameLayout[@resource-id='com.xiaomi.smarthome:id/ac6' and @class='android.widget.FrameLayout']//android.widget.RelativeLayout[@resource-id='com.xiaomi.smarthome:id/b_j' and @class='android.widget.RelativeLayout']//android.widget.FrameLayout[@resource-id='com.xiaomi.smarthome:id/bjz' and @class='android.widget.FrameLayout']//android.widget.RelativeLayout[@resource-id='com.xiaomi.smarthome:id/cic' and @class='android.widget.RelativeLayout']//android.view.ViewGroup[@resource-id='com.xiaomi.smarthome:id/coordinator_layout_vs' and @class='android.view.ViewGroup']//android.widget.LinearLayout[@resource-id='com.xiaomi.smarthome:id/bk0' and @class='android.widget.LinearLayout']//android.widget.FrameLayout[@resource-id='com.xiaomi.smarthome:id/bk4' and @class='android.widget.FrameLayout']//android.widget.RelativeLayout[@class='android.widget.RelativeLayout']//android.widget.FrameLayout[@resource-id='com.xiaomi.smarthome:id/a5g' and @class='android.widget.FrameLayout']//android.widget.RelativeLayout[@class='android.widget.RelativeLayout']//android.widget.LinearLayout[@resource-id='com.xiaomi.smarthome:id/l9' and @class='android.widget.LinearLayout']//android.view.ViewGroup[@resource-id='com.xiaomi.smarthome:id/ael' and @class='android.view.ViewGroup']//android.widget.TextView[@resource-id='com.xiaomi.smarthome:id/aen' and @text='暂无家庭环境信息' and @class='android.widget.TextView']" classname="com.xiaomi.smarthome.米家" time="0.0">
</testcase>
  <testcase 
  name="clickedIndex=183 action=CLICKED
xpath=//android.widget.FrameLayout[@class='android.widget.FrameLayout']//android.widget.LinearLayout[@class='android.widget.LinearLayout']//android.widget.FrameLayout[@class='android.widget.FrameLayout']//android.widget.LinearLayout[@resource-id='com.xiaomi.smarthome:id/e_' and @class='android.widget.LinearLayout']//android.widget.FrameLayout[@resource-id='android:id/content' and @class='android.widget.FrameLayout']//android.widget.FrameLayout[@resource-id='com.xiaomi.smarthome:id/ac6' and @class='android.widget.FrameLayout']//android.widget.RelativeLayout[@resource-id='com.xiaomi.smarthome:id/b_j' and @class='android.widget.RelativeLayout']//android.widget.FrameLayout[@resource-id='com.xiaomi.smarthome:id/bjz' and @class='android.widget.FrameLayout']//android.widget.RelativeLayout[@resource-id='com.xiaomi.smarthome:id/cic' and @class='android.widget.RelativeLayout']//android.view.ViewGroup[@resource-id='com.xiaomi.smarthome:id/coordinator_layout_vs' and @class='android.view.ViewGroup']//android.widget.LinearLayout[@resource-id='com.xiaomi.smarthome:id/bk0' and @class='android.widget.LinearLayout']//android.widget.FrameLayout[@resource-id='com.xiaomi.smarthome:id/bk4' and @class='android.widget.FrameLayout']//android.widget.RelativeLayout[@class='android.widget.RelativeLayout']//android.widget.FrameLayout[@resource-id='com.xiaomi.smarthome:id/a5g' and @class='android.widget.FrameLayout']//android.widget.RelativeLayout[@class='android.widget.RelativeLayout']//android.widget.LinearLayout[@resource-id='com.xiaomi.smarthome:id/l9' and @class='android.widget.LinearLayout']" classname="com.xiaomi.smarthome.米家" time="0.0">
</testcase>
  <testcase 
  name="clickedIndex=186 action=CLICKED
xpath=//android.widget.FrameLayout[@class='android.widget.FrameLayout']//android.widget.LinearLayout[@class='android.widget.LinearLayout']//android.widget.FrameLayout[@class='android.widget.FrameLayout']//android.widget.LinearLayout[@resource-id='com.xiaomi.smarthome:id/e_' and @class='android.widget.LinearLayout']//android.widget.FrameLayout[@resource-id='android:id/content' and @class='android.widget.FrameLayout']//android.widget.FrameLayout[@resource-id='com.xiaomi.smarthome:id/ac6' and @class='android.widget.FrameLayout']//android.widget.RelativeLayout[@resource-id='com.xiaomi.smarthome:id/b_j' and @class='android.widget.RelativeLayout']//android.widget.FrameLayout[@resource-id='com.xiaomi.smarthome:id/bjz' and @class='android.widget.FrameLayout']//android.widget.RelativeLayout[@resource-id='com.xiaomi.smarthome:id/cic' and @class='android.widget.RelativeLayout']//android.view.ViewGroup[@resource-id='com.xiaomi.smarthome:id/coordinator_layout_vs' and @class='android.view.ViewGroup']//android.widget.LinearLayout[@resource-id='com.xiaomi.smarthome:id/bk0' and @class='android.widget.LinearLayout']//android.widget.FrameLayout[@resource-id='com.xiaomi.smarthome:id/bk4' and @class='android.widget.FrameLayout']//android.view.ViewGroup[@resource-id='com.xiaomi.smarthome:id/d7m' and @class='android.view.ViewGroup']//android.view.View[@content-desc='6670820605' and @resource-id='com.xiaomi.smarthome:id/asn' and @class='android.view.View']" classname="com.xiaomi.smarthome.米家" time="0.0">
</testcase>
  <testcase 
  name="clickedIndex=187 action=CLICKED
xpath=//android.widget.FrameLayout[@class='android.widget.FrameLayout']//android.widget.LinearLayout[@class='android.widget.LinearLayout']//android.widget.FrameLayout[@class='android.widget.FrameLayout']//android.widget.LinearLayout[@resource-id='com.xiaomi.smarthome:id/e_' and @class='android.widget.LinearLayout']//android.widget.FrameLayout[@resource-id='android:id/content' and @class='android.widget.FrameLayout']//android.widget.FrameLayout[@resource-id='com.xiaomi.smarthome:id/ac6' and @class='android.widget.FrameLayout']//android.widget.RelativeLayout[@resource-id='com.xiaomi.smarthome:id/b_j' and @class='android.widget.RelativeLayout']//android.widget.FrameLayout[@resource-id='com.xiaomi.smarthome:id/bjz' and @class='android.widget.FrameLayout']//android.widget.RelativeLayout[@resource-id='com.xiaomi.smarthome:id/cic' and @class='android.widget.RelativeLayout']//android.view.ViewGroup[@resource-id='com.xiaomi.smarthome:id/coordinator_layout_vs' and @class='android.view.ViewGroup']//android.widget.LinearLayout[@resource-id='com.xiaomi.smarthome:id/bk0' and @class='android.widget.LinearLayout']//android.widget.FrameLayout[@resource-id='com.xiaomi.smarthome:id/bk4' and @class='android.widget.FrameLayout']//android.view.ViewGroup[@resource-id='com.xiaomi.smarthome:id/d7m' and @class='android.view.ViewGroup']//android.widget.ImageView[@content-desc='消息中心' and @resource-id='com.xiaomi.smarthome:id/bmj' and @class='android.widget.ImageView']" classname="com.xiaomi.smarthome.米家" time="0.0">
</testcase>
  <testcase 
  name="clickedIndex=214 action=CLICKED
xpath=//android.widget.FrameLayout[@class='android.widget.FrameLayout']//android.widget.LinearLayout[@class='android.widget.LinearLayout']//android.widget.FrameLayout[@class='android.widget.FrameLayout']//android.widget.LinearLayout[@resource-id='com.xiaomi.smarthome:id/e_' and @class='android.widget.LinearLayout']//android.widget.FrameLayout[@resource-id='android:id/content' and @class='android.widget.FrameLayout']//android.widget.FrameLayout[@resource-id='com.xiaomi.smarthome:id/ac6' and @class='android.widget.FrameLayout']//android.widget.RelativeLayout[@resource-id='com.xiaomi.smarthome:id/b_j' and @class='android.widget.RelativeLayout']//android.widget.FrameLayout[@resource-id='com.xiaomi.smarthome:id/bjz' and @class='android.widget.FrameLayout']//android.widget.RelativeLayout[@resource-id='com.xiaomi.smarthome:id/cic' and @class='android.widget.RelativeLayout']//android.view.ViewGroup[@resource-id='com.xiaomi.smarthome:id/coordinator_layout_vs' and @class='android.view.ViewGroup']//android.widget.LinearLayout[@resource-id='com.xiaomi.smarthome:id/bk0' and @class='android.widget.LinearLayout']//android.widget.FrameLayout[@resource-id='com.xiaomi.smarthome:id/bk4' and @class='android.widget.FrameLayout']//android.view.ViewGroup[@resource-id='com.xiaomi.smarthome:id/d7m' and @class='android.view.ViewGroup']//android.widget.ImageView[@content-desc='添加设备' and @resource-id='com.xiaomi.smarthome:id/fo' and @class='android.widget.ImageView']" classname="com.xiaomi.smarthome.米家" time="0.0">
</testcase>
  <testcase 
  name="clickedIndex=422 action=CLICKED
xpath=//android.widget.FrameLayout[@class='android.widget.FrameLayout']//android.widget.LinearLayout[@class='android.widget.LinearLayout']//android.widget.FrameLayout[@class='android.widget.FrameLayout']//android.widget.LinearLayout[@resource-id='com.xiaomi.smarthome:id/e_' and @class='android.widget.LinearLayout']//android.widget.FrameLayout[@resource-id='android:id/content' and @class='android.widget.FrameLayout']//android.widget.FrameLayout[@resource-id='com.xiaomi.smarthome:id/ac6' and @class='android.widget.FrameLayout']//android.widget.RelativeLayout[@resource-id='com.xiaomi.smarthome:id/b_j' and @class='android.widget.RelativeLayout']//android.widget.FrameLayout[@resource-id='com.xiaomi.smarthome:id/bjz' and @class='android.widget.FrameLayout']//android.widget.RelativeLayout[@resource-id='com.xiaomi.smarthome:id/cic' and @class='android.widget.RelativeLayout']//android.view.ViewGroup[@resource-id='com.xiaomi.smarthome:id/coordinator_layout_vs' and @class='android.view.ViewGroup']//android.view.ViewGroup[@resource-id='com.xiaomi.smarthome:id/d9n' and @class='android.view.ViewGroup']//android.view.ViewGroup[@class='android.view.ViewGroup']//android.widget.ImageView[@content-desc='我的导航，点击展开' and @resource-id='com.xiaomi.smarthome:id/jb' and @class='android.widget.ImageView']" classname="com.xiaomi.smarthome.米家" time="0.0">
</testcase>
  <testcase 
  name="clickedIndex=478 action=CLICKED
xpath=//android.widget.FrameLayout[@class='android.widget.FrameLayout']//android.widget.LinearLayout[@class='android.widget.LinearLayout']//android.widget.FrameLayout[@class='android.widget.FrameLayout']//android.widget.LinearLayout[@resource-id='com.xiaomi.smarthome:id/e_' and @class='android.widget.LinearLayout']//android.widget.FrameLayout[@resource-id='android:id/content' and @class='android.widget.FrameLayout']//android.widget.FrameLayout[@resource-id='com.xiaomi.smarthome:id/ac6' and @class='android.widget.FrameLayout']//android.widget.RelativeLayout[@resource-id='com.xiaomi.smarthome:id/b_j' and @class='android.widget.RelativeLayout']//android.widget.LinearLayout[@resource-id='com.xiaomi.smarthome:id/ay2' and @class='android.widget.LinearLayout']//android.widget.FrameLayout[@class='android.widget.FrameLayout']//android.widget.RelativeLayout[@class='android.widget.RelativeLayout']//android.widget.TextView[@resource-id='com.xiaomi.smarthome:id/d2v' and @text='场景' and @class='android.widget.TextView']" classname="com.xiaomi.smarthome.米家" time="0.0">
</testcase>
  <system-out><![CDATA[]]></system-out>
  <system-err><![CDATA[]]></system-err>
</testsuite>
