<?xml version="1.0" encoding="UTF-8" ?>
<testsuite 
errors="0" failures="0" hostname="ubuntu" name="com.xiaomi.smarthome.AlarmVideoActivity" tests="30" time="0.0" timestamp="2023-07-25T20:16:40">
  <properties>
    <property name="java.runtime.name" value="OpenJDK Runtime Environment"/>
    <property 
    name="sun.boot.library.path" value="/usr/lib/jvm/java-8-openjdk-amd64/jre/lib/amd64">
</property>
    <property name="java.vm.version" value="25.362-b09"/>
    <property name="java.vm.vendor" value="Private Build"/>
    <property name="java.vendor.url" value="http://java.oracle.com/"/>
    <property name="path.separator" value=":"/>
    <property name="java.vm.name" value="OpenJDK 64-Bit Server VM"/>
    <property name="file.encoding.pkg" value="sun.io"/>
    <property name="sun.java.launcher" value="SUN_STANDARD"/>
    <property name="sun.os.patch.level" value="unknown"/>
    <property 
    name="java.vm.specification.name" value="Java Virtual Machine Specification">
</property>
    <property 
    name="user.dir" value="/home/szx/Documents/UI-run/appcrawler/mihome">
</property>
    <property 
    name="java.runtime.version" value="1.8.0_362-8u372-ga~us1-0ubuntu1~20.04-b09">
</property>
    <property 
    name="java.awt.graphicsenv" value="sun.awt.X11GraphicsEnvironment">
</property>
    <property 
    name="java.endorsed.dirs" value="/usr/lib/jvm/java-8-openjdk-amd64/jre/lib/endorsed">
</property>
    <property name="os.arch" value="amd64"/>
    <property 
    name="javax.accessibility.assistive_technologies" value="org.GNOME.Accessibility.AtkWrapper">
</property>
    <property name="java.io.tmpdir" value="/tmp"/>
    <property name="line.separator" value=" "/>
    <property name="java.vm.specification.vendor" value="Oracle Corporation"/>
    <property name="os.name" value="Linux"/>
    <property name="sun.jnu.encoding" value="UTF-8"/>
    <property 
    name="java.library.path" value="/usr/java/packages/lib/amd64:/usr/lib/x86_64-linux-gnu/jni:/lib/x86_64-linux-gnu:/usr/lib/x86_64-linux-gnu:/usr/lib/jni:/lib:/usr/lib">
</property>
    <property 
    name="java.specification.name" value="Java Platform API Specification">
</property>
    <property name="java.class.version" value="52.0"/>
    <property 
    name="sun.management.compiler" value="HotSpot 64-Bit Tiered Compilers">
</property>
    <property name="os.version" value="5.13.0-19-generic"/>
    <property name="user.home" value="/home/szx"/>
    <property name="user.timezone" value="America/Los_Angeles"/>
    <property name="java.awt.printerjob" value="sun.print.PSPrinterJob"/>
    <property name="file.encoding" value="UTF-8"/>
    <property name="java.specification.version" value="1.8"/>
    <property name="user.name" value="szx"/>
    <property name="java.class.path" value="../appcrawler-2.7.4-hogwarts.jar"/>
    <property name="java.vm.specification.version" value="1.8"/>
    <property name="sun.arch.data.model" value="64"/>
    <property name="java.home" value="/usr/lib/jvm/java-8-openjdk-amd64/jre"/>
    <property 
    name="sun.java.command" value="../appcrawler-2.7.4-hogwarts.jar -c mihome.yaml">
</property>
    <property name="java.specification.vendor" value="Oracle Corporation"/>
    <property name="user.language" value="en"/>
    <property name="awt.toolkit" value="sun.awt.X11.XToolkit"/>
    <property name="java.vm.info" value="mixed mode"/>
    <property name="java.version" value="1.8.0_362"/>
    <property 
    name="java.ext.dirs" value="/usr/lib/jvm/java-8-openjdk-amd64/jre/lib/ext:/usr/java/packages/lib/ext">
</property>
    <property 
    name="sun.boot.class.path" value="/usr/lib/jvm/java-8-openjdk-amd64/jre/lib/resources.jar:/usr/lib/jvm/java-8-openjdk-amd64/jre/lib/rt.jar:/usr/lib/jvm/java-8-openjdk-amd64/jre/lib/sunrsasign.jar:/usr/lib/jvm/java-8-openjdk-amd64/jre/lib/jsse.jar:/usr/lib/jvm/java-8-openjdk-amd64/jre/lib/jce.jar:/usr/lib/jvm/java-8-openjdk-amd64/jre/lib/charsets.jar:/usr/lib/jvm/java-8-openjdk-amd64/jre/lib/jfr.jar:/usr/lib/jvm/java-8-openjdk-amd64/jre/classes">
</property>
    <property name="java.vendor" value="Private Build"/>
    <property name="java.specification.maintenance.version" value="4"/>
    <property name="file.separator" value="/"/>
    <property 
    name="java.vendor.url.bug" value="http://bugreport.sun.com/bugreport/">
</property>
    <property name="sun.cpu.endian" value="little"/>
    <property name="sun.io.unicode.encoding" value="UnicodeLittle"/>
    <property name="sun.font.fontmanager" value="sun.awt.X11FontManager"/>
    <property name="sun.desktop" value="gnome"/>
    <property name="sun.cpu.isalist" value=""/>
  </properties>
  <testcase 
  name="clickedIndex=3 action=CLICKED
xpath=//android.widget.FrameLayout[@class='android.widget.FrameLayout']//android.widget.LinearLayout[@class='android.widget.LinearLayout']//android.widget.FrameLayout[@class='android.widget.FrameLayout']//android.widget.LinearLayout[@resource-id='com.xiaomi.smarthome:id/e_' and @class='android.widget.LinearLayout']//android.widget.FrameLayout[@resource-id='android:id/content' and @class='android.widget.FrameLayout']//android.widget.LinearLayout[@class='android.widget.LinearLayout']//android.widget.LinearLayout[@class='android.widget.LinearLayout']//android.widget.RelativeLayout[@resource-id='com.xiaomi.smarthome:id/bd8' and @class='android.widget.RelativeLayout']//android.widget.LinearLayout[@class='android.widget.LinearLayout']//android.widget.TextView[@resource-id='com.xiaomi.smarthome:id/ded' and @text='全部事件' and @class='android.widget.TextView']" classname="com.xiaomi.smarthome.AlarmVideoActivity" time="0.0">
</testcase>
  <testcase 
  name="clickedIndex=4 action=CLICKED
xpath=//android.widget.FrameLayout[@class='android.widget.FrameLayout']//android.widget.LinearLayout[@class='android.widget.LinearLayout']//android.widget.FrameLayout[@class='android.widget.FrameLayout']//android.widget.LinearLayout[@resource-id='com.xiaomi.smarthome:id/e_' and @class='android.widget.LinearLayout']//android.widget.FrameLayout[@resource-id='android:id/content' and @class='android.widget.FrameLayout']//android.widget.LinearLayout[@class='android.widget.LinearLayout']//android.widget.RelativeLayout[@class='android.widget.RelativeLayout']//android.widget.RelativeLayout[@class='android.widget.RelativeLayout']//androidx.recyclerview.widget.RecyclerView[@resource-id='com.xiaomi.smarthome:id/afs' and @class='androidx.recyclerview.widget.RecyclerView']//android.widget.LinearLayout[@class='android.widget.LinearLayout']//android.widget.TextView[@resource-id='com.xiaomi.smarthome:id/dqz' and @text='全部事件' and @class='android.widget.TextView']" classname="com.xiaomi.smarthome.AlarmVideoActivity" time="0.0">
</testcase>
  <testcase 
  name="clickedIndex=5 action=CLICKED
xpath=//android.widget.FrameLayout[@class='android.widget.FrameLayout']//android.widget.LinearLayout[@class='android.widget.LinearLayout']//android.widget.FrameLayout[@class='android.widget.FrameLayout']//android.widget.LinearLayout[@resource-id='com.xiaomi.smarthome:id/e_' and @class='android.widget.LinearLayout']//android.widget.FrameLayout[@resource-id='android:id/content' and @class='android.widget.FrameLayout']//android.widget.LinearLayout[@class='android.widget.LinearLayout']//android.widget.LinearLayout[@class='android.widget.LinearLayout']//android.widget.RelativeLayout[@class='android.widget.RelativeLayout']//android.widget.LinearLayout[@class='android.widget.LinearLayout']//android.widget.TextView[@resource-id='com.xiaomi.smarthome:id/dge' and @text='07月25日' and @class='android.widget.TextView']" classname="com.xiaomi.smarthome.AlarmVideoActivity" time="0.0">
</testcase>
  <testcase 
  name="clickedIndex=6 action=CLICKED
xpath=//android.widget.FrameLayout[@class='android.widget.FrameLayout']//android.widget.LinearLayout[@class='android.widget.LinearLayout']//android.widget.FrameLayout[@class='android.widget.FrameLayout']//android.widget.LinearLayout[@resource-id='com.xiaomi.smarthome:id/e_' and @class='android.widget.LinearLayout']//android.widget.FrameLayout[@resource-id='android:id/content' and @class='android.widget.FrameLayout']//android.widget.LinearLayout[@class='android.widget.LinearLayout']//android.widget.RelativeLayout[@class='android.widget.RelativeLayout']//android.widget.RelativeLayout[@class='android.widget.RelativeLayout']//android.widget.LinearLayout[@resource-id='com.xiaomi.smarthome:id/t_' and @class='android.widget.LinearLayout']//android.widget.LinearLayout[@resource-id='com.xiaomi.smarthome:id/a5e' and @class='android.widget.LinearLayout']//android.widget.LinearLayout[@class='android.widget.LinearLayout']//android.widget.LinearLayout[@resource-id='com.xiaomi.smarthome:id/bdd' and @class='android.widget.LinearLayout']//androidx.recyclerview.widget.RecyclerView[@resource-id='com.xiaomi.smarthome:id/a5c' and @class='androidx.recyclerview.widget.RecyclerView']//android.widget.RelativeLayout[@content-desc='2023月7日15' and @resource-id='com.xiaomi.smarthome:id/a2q' and @class='android.widget.RelativeLayout']//android.widget.TextView[@resource-id='com.xiaomi.smarthome:id/dgm' and @text='16' and @class='android.widget.TextView']" classname="com.xiaomi.smarthome.AlarmVideoActivity" time="0.0">
</testcase>
  <testcase 
  name="clickedIndex=7 action=CLICKED
xpath=//android.widget.FrameLayout[@class='android.widget.FrameLayout']//android.widget.LinearLayout[@class='android.widget.LinearLayout']//android.widget.FrameLayout[@class='android.widget.FrameLayout']//android.widget.LinearLayout[@resource-id='com.xiaomi.smarthome:id/e_' and @class='android.widget.LinearLayout']//android.widget.FrameLayout[@resource-id='android:id/content' and @class='android.widget.FrameLayout']//android.widget.LinearLayout[@class='android.widget.LinearLayout']//android.widget.RelativeLayout[@class='android.widget.RelativeLayout']//android.widget.RelativeLayout[@class='android.widget.RelativeLayout']//android.widget.LinearLayout[@resource-id='com.xiaomi.smarthome:id/t_' and @class='android.widget.LinearLayout']//android.widget.LinearLayout[@resource-id='com.xiaomi.smarthome:id/a5e' and @class='android.widget.LinearLayout']//android.widget.LinearLayout[@class='android.widget.LinearLayout']//android.widget.LinearLayout[@resource-id='com.xiaomi.smarthome:id/bdd' and @class='android.widget.LinearLayout']//androidx.recyclerview.widget.RecyclerView[@resource-id='com.xiaomi.smarthome:id/a5c' and @class='androidx.recyclerview.widget.RecyclerView']//android.widget.RelativeLayout[@content-desc='2023月7日16' and @resource-id='com.xiaomi.smarthome:id/a2q' and @class='android.widget.RelativeLayout']//android.widget.TextView[@resource-id='com.xiaomi.smarthome:id/dgm' and @text='17' and @class='android.widget.TextView']" classname="com.xiaomi.smarthome.AlarmVideoActivity" time="0.0">
</testcase>
  <testcase 
  name="clickedIndex=8 action=CLICKED
xpath=//android.widget.FrameLayout[@class='android.widget.FrameLayout']//android.widget.LinearLayout[@class='android.widget.LinearLayout']//android.widget.FrameLayout[@class='android.widget.FrameLayout']//android.widget.LinearLayout[@resource-id='com.xiaomi.smarthome:id/e_' and @class='android.widget.LinearLayout']//android.widget.FrameLayout[@resource-id='android:id/content' and @class='android.widget.FrameLayout']//android.widget.LinearLayout[@class='android.widget.LinearLayout']//android.widget.RelativeLayout[@class='android.widget.RelativeLayout']//android.widget.RelativeLayout[@class='android.widget.RelativeLayout']//android.widget.LinearLayout[@resource-id='com.xiaomi.smarthome:id/t_' and @class='android.widget.LinearLayout']//android.widget.LinearLayout[@resource-id='com.xiaomi.smarthome:id/a5e' and @class='android.widget.LinearLayout']//android.widget.LinearLayout[@class='android.widget.LinearLayout']//android.widget.LinearLayout[@resource-id='com.xiaomi.smarthome:id/bdd' and @class='android.widget.LinearLayout']//androidx.recyclerview.widget.RecyclerView[@resource-id='com.xiaomi.smarthome:id/a5c' and @class='androidx.recyclerview.widget.RecyclerView']//android.widget.RelativeLayout[@content-desc='2023月7日17' and @resource-id='com.xiaomi.smarthome:id/a2q' and @class='android.widget.RelativeLayout']//android.widget.TextView[@resource-id='com.xiaomi.smarthome:id/dgm' and @text='18' and @class='android.widget.TextView']" classname="com.xiaomi.smarthome.AlarmVideoActivity" time="0.0">
</testcase>
  <testcase 
  name="clickedIndex=9 action=CLICKED
xpath=//android.widget.FrameLayout[@class='android.widget.FrameLayout']//android.widget.LinearLayout[@class='android.widget.LinearLayout']//android.widget.FrameLayout[@class='android.widget.FrameLayout']//android.widget.LinearLayout[@resource-id='com.xiaomi.smarthome:id/e_' and @class='android.widget.LinearLayout']//android.widget.FrameLayout[@resource-id='android:id/content' and @class='android.widget.FrameLayout']//android.widget.LinearLayout[@class='android.widget.LinearLayout']//android.widget.RelativeLayout[@class='android.widget.RelativeLayout']//android.widget.RelativeLayout[@class='android.widget.RelativeLayout']//android.widget.LinearLayout[@resource-id='com.xiaomi.smarthome:id/t_' and @class='android.widget.LinearLayout']//android.widget.LinearLayout[@resource-id='com.xiaomi.smarthome:id/a5e' and @class='android.widget.LinearLayout']//android.widget.LinearLayout[@class='android.widget.LinearLayout']//android.widget.LinearLayout[@resource-id='com.xiaomi.smarthome:id/bdd' and @class='android.widget.LinearLayout']//androidx.recyclerview.widget.RecyclerView[@resource-id='com.xiaomi.smarthome:id/a5c' and @class='androidx.recyclerview.widget.RecyclerView']//android.widget.RelativeLayout[@content-desc='2023月7日18' and @resource-id='com.xiaomi.smarthome:id/a2q' and @class='android.widget.RelativeLayout']//android.widget.TextView[@resource-id='com.xiaomi.smarthome:id/dgm' and @text='19' and @class='android.widget.TextView']" classname="com.xiaomi.smarthome.AlarmVideoActivity" time="0.0">
</testcase>
  <testcase 
  name="clickedIndex=10 action=CLICKED
xpath=//android.widget.FrameLayout[@class='android.widget.FrameLayout']//android.widget.LinearLayout[@class='android.widget.LinearLayout']//android.widget.FrameLayout[@class='android.widget.FrameLayout']//android.widget.LinearLayout[@resource-id='com.xiaomi.smarthome:id/e_' and @class='android.widget.LinearLayout']//android.widget.FrameLayout[@resource-id='android:id/content' and @class='android.widget.FrameLayout']//android.widget.LinearLayout[@class='android.widget.LinearLayout']//android.widget.RelativeLayout[@class='android.widget.RelativeLayout']//android.widget.RelativeLayout[@class='android.widget.RelativeLayout']//android.widget.LinearLayout[@resource-id='com.xiaomi.smarthome:id/t_' and @class='android.widget.LinearLayout']//android.widget.LinearLayout[@resource-id='com.xiaomi.smarthome:id/a5e' and @class='android.widget.LinearLayout']//android.widget.LinearLayout[@class='android.widget.LinearLayout']//android.widget.LinearLayout[@resource-id='com.xiaomi.smarthome:id/bdd' and @class='android.widget.LinearLayout']//androidx.recyclerview.widget.RecyclerView[@resource-id='com.xiaomi.smarthome:id/a5c' and @class='androidx.recyclerview.widget.RecyclerView']//android.widget.RelativeLayout[@content-desc='2023月7日19' and @resource-id='com.xiaomi.smarthome:id/a2q' and @class='android.widget.RelativeLayout']//android.widget.TextView[@resource-id='com.xiaomi.smarthome:id/dgm' and @text='20' and @class='android.widget.TextView']" classname="com.xiaomi.smarthome.AlarmVideoActivity" time="0.0">
</testcase>
  <testcase 
  name="clickedIndex=11 action=CLICKED
xpath=//android.widget.FrameLayout[@class='android.widget.FrameLayout']//android.widget.LinearLayout[@class='android.widget.LinearLayout']//android.widget.FrameLayout[@class='android.widget.FrameLayout']//android.widget.LinearLayout[@resource-id='com.xiaomi.smarthome:id/e_' and @class='android.widget.LinearLayout']//android.widget.FrameLayout[@resource-id='android:id/content' and @class='android.widget.FrameLayout']//android.widget.LinearLayout[@class='android.widget.LinearLayout']//android.widget.LinearLayout[@class='android.widget.LinearLayout']//android.widget.RelativeLayout[@class='android.widget.RelativeLayout']//android.widget.LinearLayout[@class='android.widget.LinearLayout']//android.widget.TextView[@resource-id='com.xiaomi.smarthome:id/dge' and @text='07月20日' and @class='android.widget.TextView']" classname="com.xiaomi.smarthome.AlarmVideoActivity" time="0.0">
</testcase>
  <testcase 
  name="clickedIndex=12 action=CLICKED
xpath=//android.widget.FrameLayout[@class='android.widget.FrameLayout']//android.widget.LinearLayout[@class='android.widget.LinearLayout']//android.widget.FrameLayout[@class='android.widget.FrameLayout']//android.widget.LinearLayout[@resource-id='com.xiaomi.smarthome:id/e_' and @class='android.widget.LinearLayout']//android.widget.FrameLayout[@resource-id='android:id/content' and @class='android.widget.FrameLayout']//android.widget.LinearLayout[@class='android.widget.LinearLayout']//android.widget.RelativeLayout[@class='android.widget.RelativeLayout']//android.widget.RelativeLayout[@class='android.widget.RelativeLayout']//android.widget.LinearLayout[@resource-id='com.xiaomi.smarthome:id/t_' and @class='android.widget.LinearLayout']//android.widget.LinearLayout[@resource-id='com.xiaomi.smarthome:id/a5e' and @class='android.widget.LinearLayout']//android.widget.LinearLayout[@class='android.widget.LinearLayout']//android.widget.LinearLayout[@resource-id='com.xiaomi.smarthome:id/bdd' and @class='android.widget.LinearLayout']//androidx.recyclerview.widget.RecyclerView[@resource-id='com.xiaomi.smarthome:id/a5c' and @class='androidx.recyclerview.widget.RecyclerView']//android.widget.RelativeLayout[@content-desc='2023月7日20' and @resource-id='com.xiaomi.smarthome:id/a2q' and @class='android.widget.RelativeLayout']//android.widget.TextView[@resource-id='com.xiaomi.smarthome:id/dgm' and @text='21' and @class='android.widget.TextView']" classname="com.xiaomi.smarthome.AlarmVideoActivity" time="0.0">
</testcase>
  <testcase 
  name="clickedIndex=13 action=CLICKED
xpath=//android.widget.FrameLayout[@class='android.widget.FrameLayout']//android.widget.LinearLayout[@class='android.widget.LinearLayout']//android.widget.FrameLayout[@class='android.widget.FrameLayout']//android.widget.LinearLayout[@resource-id='com.xiaomi.smarthome:id/e_' and @class='android.widget.LinearLayout']//android.widget.FrameLayout[@resource-id='android:id/content' and @class='android.widget.FrameLayout']//android.widget.LinearLayout[@class='android.widget.LinearLayout']//android.widget.LinearLayout[@class='android.widget.LinearLayout']//android.widget.RelativeLayout[@class='android.widget.RelativeLayout']//android.widget.LinearLayout[@class='android.widget.LinearLayout']//android.widget.TextView[@resource-id='com.xiaomi.smarthome:id/dge' and @text='07月21日' and @class='android.widget.TextView']" classname="com.xiaomi.smarthome.AlarmVideoActivity" time="0.0">
</testcase>
  <testcase 
  name="clickedIndex=14 action=CLICKED
xpath=//android.widget.FrameLayout[@class='android.widget.FrameLayout']//android.widget.LinearLayout[@class='android.widget.LinearLayout']//android.widget.FrameLayout[@class='android.widget.FrameLayout']//android.widget.LinearLayout[@resource-id='com.xiaomi.smarthome:id/e_' and @class='android.widget.LinearLayout']//android.widget.FrameLayout[@resource-id='android:id/content' and @class='android.widget.FrameLayout']//android.widget.LinearLayout[@class='android.widget.LinearLayout']//android.widget.RelativeLayout[@class='android.widget.RelativeLayout']//android.widget.RelativeLayout[@class='android.widget.RelativeLayout']//android.widget.LinearLayout[@resource-id='com.xiaomi.smarthome:id/t_' and @class='android.widget.LinearLayout']//android.widget.LinearLayout[@resource-id='com.xiaomi.smarthome:id/a5e' and @class='android.widget.LinearLayout']//android.widget.LinearLayout[@class='android.widget.LinearLayout']//android.widget.LinearLayout[@resource-id='com.xiaomi.smarthome:id/bdd' and @class='android.widget.LinearLayout']//androidx.recyclerview.widget.RecyclerView[@resource-id='com.xiaomi.smarthome:id/a5c' and @class='androidx.recyclerview.widget.RecyclerView']//android.widget.RelativeLayout[@content-desc='2023月7日21' and @resource-id='com.xiaomi.smarthome:id/a2q' and @class='android.widget.RelativeLayout']//android.widget.TextView[@resource-id='com.xiaomi.smarthome:id/dgm' and @text='22' and @class='android.widget.TextView']" classname="com.xiaomi.smarthome.AlarmVideoActivity" time="0.0">
</testcase>
  <testcase 
  name="clickedIndex=15 action=CLICKED
xpath=//android.widget.FrameLayout[@class='android.widget.FrameLayout']//android.widget.LinearLayout[@class='android.widget.LinearLayout']//android.widget.FrameLayout[@class='android.widget.FrameLayout']//android.widget.LinearLayout[@resource-id='com.xiaomi.smarthome:id/e_' and @class='android.widget.LinearLayout']//android.widget.FrameLayout[@resource-id='android:id/content' and @class='android.widget.FrameLayout']//android.widget.LinearLayout[@class='android.widget.LinearLayout']//android.widget.LinearLayout[@class='android.widget.LinearLayout']//android.widget.RelativeLayout[@class='android.widget.RelativeLayout']//android.widget.LinearLayout[@class='android.widget.LinearLayout']//android.widget.TextView[@resource-id='com.xiaomi.smarthome:id/dge' and @text='07月22日' and @class='android.widget.TextView']" classname="com.xiaomi.smarthome.AlarmVideoActivity" time="0.0">
</testcase>
  <testcase 
  name="clickedIndex=16 action=CLICKED
xpath=//android.widget.FrameLayout[@class='android.widget.FrameLayout']//android.widget.LinearLayout[@class='android.widget.LinearLayout']//android.widget.FrameLayout[@class='android.widget.FrameLayout']//android.widget.LinearLayout[@resource-id='com.xiaomi.smarthome:id/e_' and @class='android.widget.LinearLayout']//android.widget.FrameLayout[@resource-id='android:id/content' and @class='android.widget.FrameLayout']//android.widget.LinearLayout[@class='android.widget.LinearLayout']//android.widget.RelativeLayout[@class='android.widget.RelativeLayout']//android.widget.RelativeLayout[@class='android.widget.RelativeLayout']//android.widget.LinearLayout[@resource-id='com.xiaomi.smarthome:id/t_' and @class='android.widget.LinearLayout']//android.widget.LinearLayout[@resource-id='com.xiaomi.smarthome:id/a5e' and @class='android.widget.LinearLayout']//android.widget.LinearLayout[@class='android.widget.LinearLayout']//android.widget.LinearLayout[@resource-id='com.xiaomi.smarthome:id/bdd' and @class='android.widget.LinearLayout']//androidx.recyclerview.widget.RecyclerView[@resource-id='com.xiaomi.smarthome:id/a5c' and @class='androidx.recyclerview.widget.RecyclerView']//android.widget.RelativeLayout[@content-desc='2023月7日22' and @resource-id='com.xiaomi.smarthome:id/a2q' and @class='android.widget.RelativeLayout']//android.widget.TextView[@resource-id='com.xiaomi.smarthome:id/dgm' and @text='23' and @class='android.widget.TextView']" classname="com.xiaomi.smarthome.AlarmVideoActivity" time="0.0">
</testcase>
  <testcase 
  name="clickedIndex=17 action=CLICKED
xpath=//android.widget.FrameLayout[@class='android.widget.FrameLayout']//android.widget.LinearLayout[@class='android.widget.LinearLayout']//android.widget.FrameLayout[@class='android.widget.FrameLayout']//android.widget.LinearLayout[@resource-id='com.xiaomi.smarthome:id/e_' and @class='android.widget.LinearLayout']//android.widget.FrameLayout[@resource-id='android:id/content' and @class='android.widget.FrameLayout']//android.widget.LinearLayout[@class='android.widget.LinearLayout']//android.widget.LinearLayout[@class='android.widget.LinearLayout']//android.widget.RelativeLayout[@class='android.widget.RelativeLayout']//android.widget.LinearLayout[@class='android.widget.LinearLayout']//android.widget.TextView[@resource-id='com.xiaomi.smarthome:id/dge' and @text='07月23日' and @class='android.widget.TextView']" classname="com.xiaomi.smarthome.AlarmVideoActivity" time="0.0">
</testcase>
  <testcase 
  name="clickedIndex=18 action=CLICKED
xpath=//android.widget.FrameLayout[@class='android.widget.FrameLayout']//android.widget.LinearLayout[@class='android.widget.LinearLayout']//android.widget.FrameLayout[@class='android.widget.FrameLayout']//android.widget.LinearLayout[@resource-id='com.xiaomi.smarthome:id/e_' and @class='android.widget.LinearLayout']//android.widget.FrameLayout[@resource-id='android:id/content' and @class='android.widget.FrameLayout']//android.widget.LinearLayout[@class='android.widget.LinearLayout']//android.widget.RelativeLayout[@class='android.widget.RelativeLayout']//android.widget.RelativeLayout[@class='android.widget.RelativeLayout']//android.widget.LinearLayout[@resource-id='com.xiaomi.smarthome:id/t_' and @class='android.widget.LinearLayout']//android.widget.LinearLayout[@resource-id='com.xiaomi.smarthome:id/a5e' and @class='android.widget.LinearLayout']//android.widget.LinearLayout[@class='android.widget.LinearLayout']//android.widget.LinearLayout[@resource-id='com.xiaomi.smarthome:id/bdd' and @class='android.widget.LinearLayout']//androidx.recyclerview.widget.RecyclerView[@resource-id='com.xiaomi.smarthome:id/a5c' and @class='androidx.recyclerview.widget.RecyclerView']//android.widget.RelativeLayout[@content-desc='2023月7日23' and @resource-id='com.xiaomi.smarthome:id/a2q' and @class='android.widget.RelativeLayout']//android.widget.TextView[@resource-id='com.xiaomi.smarthome:id/dgm' and @text='24' and @class='android.widget.TextView']" classname="com.xiaomi.smarthome.AlarmVideoActivity" time="0.0">
</testcase>
  <testcase 
  name="clickedIndex=19 action=CLICKED
xpath=//android.widget.FrameLayout[@class='android.widget.FrameLayout']//android.widget.LinearLayout[@class='android.widget.LinearLayout']//android.widget.FrameLayout[@class='android.widget.FrameLayout']//android.widget.LinearLayout[@resource-id='com.xiaomi.smarthome:id/e_' and @class='android.widget.LinearLayout']//android.widget.FrameLayout[@resource-id='android:id/content' and @class='android.widget.FrameLayout']//android.widget.LinearLayout[@class='android.widget.LinearLayout']//android.widget.LinearLayout[@class='android.widget.LinearLayout']//android.widget.RelativeLayout[@class='android.widget.RelativeLayout']//android.widget.LinearLayout[@class='android.widget.LinearLayout']//android.widget.TextView[@resource-id='com.xiaomi.smarthome:id/dge' and @text='07月24日' and @class='android.widget.TextView']" classname="com.xiaomi.smarthome.AlarmVideoActivity" time="0.0">
</testcase>
  <testcase 
  name="clickedIndex=20 action=CLICKED
xpath=//android.widget.FrameLayout[@class='android.widget.FrameLayout']//android.widget.LinearLayout[@class='android.widget.LinearLayout']//android.widget.FrameLayout[@class='android.widget.FrameLayout']//android.widget.LinearLayout[@resource-id='com.xiaomi.smarthome:id/e_' and @class='android.widget.LinearLayout']//android.widget.FrameLayout[@resource-id='android:id/content' and @class='android.widget.FrameLayout']//android.widget.LinearLayout[@class='android.widget.LinearLayout']//android.widget.RelativeLayout[@class='android.widget.RelativeLayout']//android.widget.RelativeLayout[@class='android.widget.RelativeLayout']//android.widget.LinearLayout[@resource-id='com.xiaomi.smarthome:id/t_' and @class='android.widget.LinearLayout']//android.widget.LinearLayout[@resource-id='com.xiaomi.smarthome:id/a5e' and @class='android.widget.LinearLayout']//android.widget.LinearLayout[@class='android.widget.LinearLayout']//android.widget.LinearLayout[@resource-id='com.xiaomi.smarthome:id/bdd' and @class='android.widget.LinearLayout']//androidx.recyclerview.widget.RecyclerView[@resource-id='com.xiaomi.smarthome:id/a5c' and @class='androidx.recyclerview.widget.RecyclerView']//android.widget.RelativeLayout[@content-desc='2023月7日24' and @resource-id='com.xiaomi.smarthome:id/a2q' and @class='android.widget.RelativeLayout']//android.widget.TextView[@resource-id='com.xiaomi.smarthome:id/dgm' and @text='25' and @class='android.widget.TextView']" classname="com.xiaomi.smarthome.AlarmVideoActivity" time="0.0">
</testcase>
  <testcase 
  name="clickedIndex=21 action=CLICKED
xpath=//android.widget.FrameLayout[@class='android.widget.FrameLayout']//android.widget.LinearLayout[@class='android.widget.LinearLayout']//android.widget.FrameLayout[@class='android.widget.FrameLayout']//android.widget.LinearLayout[@resource-id='com.xiaomi.smarthome:id/e_' and @class='android.widget.LinearLayout']//android.widget.FrameLayout[@resource-id='android:id/content' and @class='android.widget.FrameLayout']//android.widget.LinearLayout[@class='android.widget.LinearLayout']//android.widget.LinearLayout[@class='android.widget.LinearLayout']//android.widget.RelativeLayout[@class='android.widget.RelativeLayout']//android.widget.LinearLayout[@class='android.widget.LinearLayout']//android.widget.ImageView[@resource-id='com.xiaomi.smarthome:id/b5u' and @class='android.widget.ImageView']" classname="com.xiaomi.smarthome.AlarmVideoActivity" time="0.0">
</testcase>
  <testcase 
  name="clickedIndex=22 action=CLICKED
xpath=//android.widget.FrameLayout[@class='android.widget.FrameLayout']//android.widget.LinearLayout[@class='android.widget.LinearLayout']//android.widget.FrameLayout[@class='android.widget.FrameLayout']//android.widget.LinearLayout[@resource-id='com.xiaomi.smarthome:id/e_' and @class='android.widget.LinearLayout']//android.widget.FrameLayout[@resource-id='android:id/content' and @class='android.widget.FrameLayout']//android.widget.LinearLayout[@class='android.widget.LinearLayout']//android.widget.RelativeLayout[@class='android.widget.RelativeLayout']//android.widget.RelativeLayout[@class='android.widget.RelativeLayout']//android.widget.LinearLayout[@resource-id='com.xiaomi.smarthome:id/t_' and @class='android.widget.LinearLayout']//android.widget.LinearLayout[@resource-id='com.xiaomi.smarthome:id/a5e' and @class='android.widget.LinearLayout']//android.widget.LinearLayout[@class='android.widget.LinearLayout']//android.widget.LinearLayout[@resource-id='com.xiaomi.smarthome:id/bdd' and @class='android.widget.LinearLayout']//androidx.recyclerview.widget.RecyclerView[@resource-id='com.xiaomi.smarthome:id/a5c' and @class='androidx.recyclerview.widget.RecyclerView']//android.widget.RelativeLayout[@content-desc='2023月7日25' and @resource-id='com.xiaomi.smarthome:id/a2q' and @class='android.widget.RelativeLayout']//android.widget.TextView[@resource-id='com.xiaomi.smarthome:id/dgm' and @text='26' and @class='android.widget.TextView']" classname="com.xiaomi.smarthome.AlarmVideoActivity" time="0.0">
</testcase>
  <testcase 
  name="clickedIndex=23 action=CLICKED
xpath=//android.widget.FrameLayout[@class='android.widget.FrameLayout']//android.widget.LinearLayout[@class='android.widget.LinearLayout']//android.widget.FrameLayout[@class='android.widget.FrameLayout']//android.widget.LinearLayout[@resource-id='com.xiaomi.smarthome:id/e_' and @class='android.widget.LinearLayout']//android.widget.FrameLayout[@resource-id='android:id/content' and @class='android.widget.FrameLayout']//android.widget.LinearLayout[@class='android.widget.LinearLayout']//android.widget.FrameLayout[@resource-id='com.xiaomi.smarthome:id/d7c' and @class='android.widget.FrameLayout']//android.widget.ImageView[@resource-id='com.xiaomi.smarthome:id/d7u' and @class='android.widget.ImageView']" classname="com.xiaomi.smarthome.AlarmVideoActivity" time="0.0">
</testcase>
  <testcase 
  name="clickedIndex=81 action=CLICKED
xpath=//android.widget.FrameLayout[@class='android.widget.FrameLayout']//android.widget.LinearLayout[@class='android.widget.LinearLayout']//android.widget.FrameLayout[@class='android.widget.FrameLayout']//android.widget.LinearLayout[@resource-id='com.xiaomi.smarthome:id/e_' and @class='android.widget.LinearLayout']//android.widget.FrameLayout[@resource-id='android:id/content' and @class='android.widget.FrameLayout']//android.widget.LinearLayout[@class='android.widget.LinearLayout']//android.widget.LinearLayout[@class='android.widget.LinearLayout']//android.widget.RelativeLayout[@resource-id='com.xiaomi.smarthome:id/bd8' and @class='android.widget.RelativeLayout']" classname="com.xiaomi.smarthome.AlarmVideoActivity" time="0.0">
</testcase>
  <testcase 
  name="clickedIndex=82 action=CLICKED
xpath=//android.widget.FrameLayout[@class='android.widget.FrameLayout']//android.widget.LinearLayout[@class='android.widget.LinearLayout']//android.widget.FrameLayout[@class='android.widget.FrameLayout']//android.widget.LinearLayout[@resource-id='com.xiaomi.smarthome:id/e_' and @class='android.widget.LinearLayout']//android.widget.FrameLayout[@resource-id='android:id/content' and @class='android.widget.FrameLayout']//android.widget.LinearLayout[@class='android.widget.LinearLayout']//android.widget.RelativeLayout[@class='android.widget.RelativeLayout']//android.widget.RelativeLayout[@class='android.widget.RelativeLayout']//androidx.recyclerview.widget.RecyclerView[@resource-id='com.xiaomi.smarthome:id/afs' and @class='androidx.recyclerview.widget.RecyclerView']//android.widget.LinearLayout[@class='android.widget.LinearLayout']//android.widget.TextView[@resource-id='com.xiaomi.smarthome:id/dqz' and @text='画面变动' and @class='android.widget.TextView']" classname="com.xiaomi.smarthome.AlarmVideoActivity" time="0.0">
</testcase>
  <testcase 
  name="clickedIndex=83 action=CLICKED
xpath=//android.widget.FrameLayout[@class='android.widget.FrameLayout']//android.widget.LinearLayout[@class='android.widget.LinearLayout']//android.widget.FrameLayout[@class='android.widget.FrameLayout']//android.widget.LinearLayout[@resource-id='com.xiaomi.smarthome:id/e_' and @class='android.widget.LinearLayout']//android.widget.FrameLayout[@resource-id='android:id/content' and @class='android.widget.FrameLayout']//android.widget.LinearLayout[@class='android.widget.LinearLayout']//android.widget.LinearLayout[@class='android.widget.LinearLayout']//android.widget.RelativeLayout[@resource-id='com.xiaomi.smarthome:id/bd8' and @class='android.widget.RelativeLayout']//android.widget.LinearLayout[@class='android.widget.LinearLayout']//android.widget.TextView[@resource-id='com.xiaomi.smarthome:id/ded' and @text='画面变动' and @class='android.widget.TextView']" classname="com.xiaomi.smarthome.AlarmVideoActivity" time="0.0">
</testcase>
  <testcase 
  name="clickedIndex=84 action=CLICKED
xpath=//android.widget.FrameLayout[@class='android.widget.FrameLayout']//android.widget.LinearLayout[@class='android.widget.LinearLayout']//android.widget.FrameLayout[@class='android.widget.FrameLayout']//android.widget.LinearLayout[@resource-id='com.xiaomi.smarthome:id/e_' and @class='android.widget.LinearLayout']//android.widget.FrameLayout[@resource-id='android:id/content' and @class='android.widget.FrameLayout']//android.widget.LinearLayout[@class='android.widget.LinearLayout']//android.widget.RelativeLayout[@class='android.widget.RelativeLayout']//android.widget.RelativeLayout[@class='android.widget.RelativeLayout']//androidx.recyclerview.widget.RecyclerView[@resource-id='com.xiaomi.smarthome:id/afs' and @class='androidx.recyclerview.widget.RecyclerView']//android.widget.LinearLayout[@class='android.widget.LinearLayout']//android.widget.TextView[@resource-id='com.xiaomi.smarthome:id/dqz' and @text='有人移动' and @class='android.widget.TextView']" classname="com.xiaomi.smarthome.AlarmVideoActivity" time="0.0">
</testcase>
  <testcase 
  name="clickedIndex=85 action=CLICKED
xpath=//android.widget.FrameLayout[@class='android.widget.FrameLayout']//android.widget.LinearLayout[@class='android.widget.LinearLayout']//android.widget.FrameLayout[@class='android.widget.FrameLayout']//android.widget.LinearLayout[@resource-id='com.xiaomi.smarthome:id/e_' and @class='android.widget.LinearLayout']//android.widget.FrameLayout[@resource-id='android:id/content' and @class='android.widget.FrameLayout']//android.widget.LinearLayout[@class='android.widget.LinearLayout']//android.widget.LinearLayout[@class='android.widget.LinearLayout']//android.widget.RelativeLayout[@resource-id='com.xiaomi.smarthome:id/bd8' and @class='android.widget.RelativeLayout']//android.widget.LinearLayout[@class='android.widget.LinearLayout']//android.widget.TextView[@resource-id='com.xiaomi.smarthome:id/ded' and @text='有人移动' and @class='android.widget.TextView']" classname="com.xiaomi.smarthome.AlarmVideoActivity" time="0.0">
</testcase>
  <testcase 
  name="clickedIndex=86 action=CLICKED
xpath=//android.widget.FrameLayout[@class='android.widget.FrameLayout']//android.widget.LinearLayout[@class='android.widget.LinearLayout']//android.widget.FrameLayout[@class='android.widget.FrameLayout']//android.widget.LinearLayout[@resource-id='com.xiaomi.smarthome:id/e_' and @class='android.widget.LinearLayout']//android.widget.FrameLayout[@resource-id='android:id/content' and @class='android.widget.FrameLayout']//android.widget.LinearLayout[@class='android.widget.LinearLayout']//android.widget.RelativeLayout[@class='android.widget.RelativeLayout']//android.widget.RelativeLayout[@class='android.widget.RelativeLayout']//androidx.recyclerview.widget.RecyclerView[@resource-id='com.xiaomi.smarthome:id/afs' and @class='androidx.recyclerview.widget.RecyclerView']//android.widget.LinearLayout[@class='android.widget.LinearLayout']//android.widget.TextView[@resource-id='com.xiaomi.smarthome:id/dqz' and @text='智能场景触发' and @class='android.widget.TextView']" classname="com.xiaomi.smarthome.AlarmVideoActivity" time="0.0">
</testcase>
  <testcase 
  name="clickedIndex=87 action=CLICKED
xpath=//android.widget.FrameLayout[@class='android.widget.FrameLayout']//android.widget.LinearLayout[@class='android.widget.LinearLayout']//android.widget.FrameLayout[@class='android.widget.FrameLayout']//android.widget.LinearLayout[@resource-id='com.xiaomi.smarthome:id/e_' and @class='android.widget.LinearLayout']//android.widget.FrameLayout[@resource-id='android:id/content' and @class='android.widget.FrameLayout']//android.widget.LinearLayout[@class='android.widget.LinearLayout']//android.widget.LinearLayout[@class='android.widget.LinearLayout']//android.widget.RelativeLayout[@resource-id='com.xiaomi.smarthome:id/bd8' and @class='android.widget.RelativeLayout']//android.widget.LinearLayout[@class='android.widget.LinearLayout']//android.widget.TextView[@resource-id='com.xiaomi.smarthome:id/ded' and @text='智能场景触发' and @class='android.widget.TextView']" classname="com.xiaomi.smarthome.AlarmVideoActivity" time="0.0">
</testcase>
  <testcase 
  name="clickedIndex=88 action=CLICKED
xpath=//android.widget.FrameLayout[@class='android.widget.FrameLayout']//android.widget.LinearLayout[@class='android.widget.LinearLayout']//android.widget.FrameLayout[@class='android.widget.FrameLayout']//android.widget.LinearLayout[@resource-id='com.xiaomi.smarthome:id/e_' and @class='android.widget.LinearLayout']//android.widget.FrameLayout[@resource-id='android:id/content' and @class='android.widget.FrameLayout']//android.widget.LinearLayout[@class='android.widget.LinearLayout']//android.widget.RelativeLayout[@class='android.widget.RelativeLayout']//android.widget.RelativeLayout[@class='android.widget.RelativeLayout']//androidx.recyclerview.widget.RecyclerView[@resource-id='com.xiaomi.smarthome:id/afs' and @class='androidx.recyclerview.widget.RecyclerView']//android.widget.LinearLayout[@class='android.widget.LinearLayout']" classname="com.xiaomi.smarthome.AlarmVideoActivity" time="0.0">
</testcase>
  <testcase 
  name="clickedIndex=89 action=CLICKED
xpath=//android.widget.FrameLayout[@class='android.widget.FrameLayout']" classname="com.xiaomi.smarthome.AlarmVideoActivity" time="0.0">
</testcase>
  <system-out><![CDATA[]]></system-out>
  <system-err><![CDATA[]]></system-err>
</testsuite>
