<?xml version="1.0" encoding="UTF-8" ?>
<testsuite 
errors="0" failures="0" hostname="ubuntu" name="com.xiaomi.smarthome.ChooseSubCategoryDeviceActivity" tests="67" time="0.001" timestamp="2023-07-25T20:16:40">
  <properties>
    <property name="java.runtime.name" value="OpenJDK Runtime Environment"/>
    <property 
    name="sun.boot.library.path" value="/usr/lib/jvm/java-8-openjdk-amd64/jre/lib/amd64">
</property>
    <property name="java.vm.version" value="25.362-b09"/>
    <property name="java.vm.vendor" value="Private Build"/>
    <property name="java.vendor.url" value="http://java.oracle.com/"/>
    <property name="path.separator" value=":"/>
    <property name="java.vm.name" value="OpenJDK 64-Bit Server VM"/>
    <property name="file.encoding.pkg" value="sun.io"/>
    <property name="sun.java.launcher" value="SUN_STANDARD"/>
    <property name="sun.os.patch.level" value="unknown"/>
    <property 
    name="java.vm.specification.name" value="Java Virtual Machine Specification">
</property>
    <property 
    name="user.dir" value="/home/szx/Documents/UI-run/appcrawler/mihome">
</property>
    <property 
    name="java.runtime.version" value="1.8.0_362-8u372-ga~us1-0ubuntu1~20.04-b09">
</property>
    <property 
    name="java.awt.graphicsenv" value="sun.awt.X11GraphicsEnvironment">
</property>
    <property 
    name="java.endorsed.dirs" value="/usr/lib/jvm/java-8-openjdk-amd64/jre/lib/endorsed">
</property>
    <property name="os.arch" value="amd64"/>
    <property 
    name="javax.accessibility.assistive_technologies" value="org.GNOME.Accessibility.AtkWrapper">
</property>
    <property name="java.io.tmpdir" value="/tmp"/>
    <property name="line.separator" value=" "/>
    <property name="java.vm.specification.vendor" value="Oracle Corporation"/>
    <property name="os.name" value="Linux"/>
    <property name="sun.jnu.encoding" value="UTF-8"/>
    <property 
    name="java.library.path" value="/usr/java/packages/lib/amd64:/usr/lib/x86_64-linux-gnu/jni:/lib/x86_64-linux-gnu:/usr/lib/x86_64-linux-gnu:/usr/lib/jni:/lib:/usr/lib">
</property>
    <property 
    name="java.specification.name" value="Java Platform API Specification">
</property>
    <property name="java.class.version" value="52.0"/>
    <property 
    name="sun.management.compiler" value="HotSpot 64-Bit Tiered Compilers">
</property>
    <property name="os.version" value="5.13.0-19-generic"/>
    <property name="user.home" value="/home/szx"/>
    <property name="user.timezone" value="America/Los_Angeles"/>
    <property name="java.awt.printerjob" value="sun.print.PSPrinterJob"/>
    <property name="file.encoding" value="UTF-8"/>
    <property name="java.specification.version" value="1.8"/>
    <property name="user.name" value="szx"/>
    <property name="java.class.path" value="../appcrawler-2.7.4-hogwarts.jar"/>
    <property name="java.vm.specification.version" value="1.8"/>
    <property name="sun.arch.data.model" value="64"/>
    <property name="java.home" value="/usr/lib/jvm/java-8-openjdk-amd64/jre"/>
    <property 
    name="sun.java.command" value="../appcrawler-2.7.4-hogwarts.jar -c mihome.yaml">
</property>
    <property name="java.specification.vendor" value="Oracle Corporation"/>
    <property name="user.language" value="en"/>
    <property name="awt.toolkit" value="sun.awt.X11.XToolkit"/>
    <property name="java.vm.info" value="mixed mode"/>
    <property name="java.version" value="1.8.0_362"/>
    <property 
    name="java.ext.dirs" value="/usr/lib/jvm/java-8-openjdk-amd64/jre/lib/ext:/usr/java/packages/lib/ext">
</property>
    <property 
    name="sun.boot.class.path" value="/usr/lib/jvm/java-8-openjdk-amd64/jre/lib/resources.jar:/usr/lib/jvm/java-8-openjdk-amd64/jre/lib/rt.jar:/usr/lib/jvm/java-8-openjdk-amd64/jre/lib/sunrsasign.jar:/usr/lib/jvm/java-8-openjdk-amd64/jre/lib/jsse.jar:/usr/lib/jvm/java-8-openjdk-amd64/jre/lib/jce.jar:/usr/lib/jvm/java-8-openjdk-amd64/jre/lib/charsets.jar:/usr/lib/jvm/java-8-openjdk-amd64/jre/lib/jfr.jar:/usr/lib/jvm/java-8-openjdk-amd64/jre/classes">
</property>
    <property name="java.vendor" value="Private Build"/>
    <property name="java.specification.maintenance.version" value="4"/>
    <property name="file.separator" value="/"/>
    <property 
    name="java.vendor.url.bug" value="http://bugreport.sun.com/bugreport/">
</property>
    <property name="sun.cpu.endian" value="little"/>
    <property name="sun.io.unicode.encoding" value="UnicodeLittle"/>
    <property name="sun.font.fontmanager" value="sun.awt.X11FontManager"/>
    <property name="sun.desktop" value="gnome"/>
    <property name="sun.cpu.isalist" value=""/>
  </properties>
  <testcase 
  name="clickedIndex=219 action=CLICKED
xpath=//android.widget.FrameLayout[@class='android.widget.FrameLayout']//android.widget.LinearLayout[@class='android.widget.LinearLayout']//android.widget.FrameLayout[@class='android.widget.FrameLayout']//android.widget.LinearLayout[@resource-id='com.xiaomi.smarthome:id/e_' and @class='android.widget.LinearLayout']//android.widget.FrameLayout[@resource-id='android:id/content' and @class='android.widget.FrameLayout']//android.widget.LinearLayout[@class='android.widget.LinearLayout']//android.widget.FrameLayout[@resource-id='com.xiaomi.smarthome:id/v5' and @class='android.widget.FrameLayout']//android.widget.ScrollView[@resource-id='com.xiaomi.smarthome:id/d0_' and @class='android.widget.ScrollView']//android.widget.LinearLayout[@class='android.widget.LinearLayout']//android.widget.RelativeLayout[@class='android.widget.RelativeLayout']//android.widget.FrameLayout[@class='android.widget.FrameLayout']//android.widget.LinearLayout[@resource-id='com.xiaomi.smarthome:id/yq' and @class='android.widget.LinearLayout']//android.widget.TextView[@text='新品' and @class='android.widget.TextView']" classname="com.xiaomi.smarthome.ChooseSubCategoryDeviceActivity" time="0.0">
</testcase>
  <testcase 
  name="clickedIndex=220 action=CLICKED
xpath=//android.widget.FrameLayout[@class='android.widget.FrameLayout']//android.widget.LinearLayout[@class='android.widget.LinearLayout']//android.widget.FrameLayout[@class='android.widget.FrameLayout']//android.widget.LinearLayout[@resource-id='com.xiaomi.smarthome:id/e_' and @class='android.widget.LinearLayout']//android.widget.FrameLayout[@resource-id='android:id/content' and @class='android.widget.FrameLayout']//android.widget.LinearLayout[@class='android.widget.LinearLayout']//android.widget.FrameLayout[@resource-id='com.xiaomi.smarthome:id/v5' and @class='android.widget.FrameLayout']//android.widget.ScrollView[@resource-id='com.xiaomi.smarthome:id/d0_' and @class='android.widget.ScrollView']//android.widget.LinearLayout[@class='android.widget.LinearLayout']//android.widget.GridView[@resource-id='com.xiaomi.smarthome:id/d0b' and @class='android.widget.GridView']//android.view.ViewGroup[@class='android.view.ViewGroup']//android.view.ViewGroup[@class='android.view.ViewGroup']//android.widget.TextView[@resource-id='com.xiaomi.smarthome:id/bva' and @class='android.widget.TextView']" classname="com.xiaomi.smarthome.ChooseSubCategoryDeviceActivity" time="0.0">
</testcase>
  <testcase 
  name="clickedIndex=227 action=CLICKED
xpath=//android.widget.FrameLayout[@class='android.widget.FrameLayout']//android.widget.LinearLayout[@class='android.widget.LinearLayout']//android.widget.FrameLayout[@class='android.widget.FrameLayout']//android.widget.LinearLayout[@resource-id='com.xiaomi.smarthome:id/e_' and @class='android.widget.LinearLayout']//android.widget.FrameLayout[@resource-id='android:id/content' and @class='android.widget.FrameLayout']//android.widget.LinearLayout[@class='android.widget.LinearLayout']//android.widget.FrameLayout[@resource-id='com.xiaomi.smarthome:id/v5' and @class='android.widget.FrameLayout']//android.widget.ScrollView[@resource-id='com.xiaomi.smarthome:id/d0_' and @class='android.widget.ScrollView']//android.widget.LinearLayout[@class='android.widget.LinearLayout']//android.widget.GridView[@resource-id='com.xiaomi.smarthome:id/d0b' and @class='android.widget.GridView']//android.view.ViewGroup[@class='android.view.ViewGroup']//android.view.ViewGroup[@class='android.view.ViewGroup']//android.widget.TextView[@resource-id='com.xiaomi.smarthome:id/bva' and @text='小白智能摄像机' and @class='android.widget.TextView']" classname="com.xiaomi.smarthome.ChooseSubCategoryDeviceActivity" time="0.0">
</testcase>
  <testcase 
  name="clickedIndex=271 action=CLICKED
xpath=//android.widget.FrameLayout[@class='android.widget.FrameLayout']//android.widget.LinearLayout[@class='android.widget.LinearLayout']//android.widget.FrameLayout[@class='android.widget.FrameLayout']//android.widget.LinearLayout[@resource-id='com.xiaomi.smarthome:id/e_' and @class='android.widget.LinearLayout']//android.widget.FrameLayout[@resource-id='android:id/content' and @class='android.widget.FrameLayout']//android.widget.LinearLayout[@class='android.widget.LinearLayout']//android.widget.FrameLayout[@resource-id='com.xiaomi.smarthome:id/v5' and @class='android.widget.FrameLayout']//android.widget.ScrollView[@resource-id='com.xiaomi.smarthome:id/d0_' and @class='android.widget.ScrollView']//android.widget.LinearLayout[@class='android.widget.LinearLayout']//android.widget.GridView[@resource-id='com.xiaomi.smarthome:id/d0b' and @class='android.widget.GridView']//android.view.ViewGroup[@class='android.view.ViewGroup']//android.view.ViewGroup[@class='android.view.ViewGroup']//android.widget.TextView[@resource-id='com.xiaomi.smarthome:id/bva' and @class='android.widget.TextView']" classname="com.xiaomi.smarthome.ChooseSubCategoryDeviceActivity" time="0.0">
</testcase>
  <testcase 
  name="clickedIndex=273 action=CLICKED
xpath=//android.widget.FrameLayout[@class='android.widget.FrameLayout']//android.widget.LinearLayout[@class='android.widget.LinearLayout']//android.widget.FrameLayout[@class='android.widget.FrameLayout']//android.widget.LinearLayout[@resource-id='com.xiaomi.smarthome:id/e_' and @class='android.widget.LinearLayout']//android.widget.FrameLayout[@resource-id='android:id/content' and @class='android.widget.FrameLayout']//android.widget.LinearLayout[@class='android.widget.LinearLayout']//android.widget.FrameLayout[@resource-id='com.xiaomi.smarthome:id/v5' and @class='android.widget.FrameLayout']//android.widget.ScrollView[@resource-id='com.xiaomi.smarthome:id/d0_' and @class='android.widget.ScrollView']//android.widget.LinearLayout[@class='android.widget.LinearLayout']//android.widget.GridView[@resource-id='com.xiaomi.smarthome:id/d0b' and @class='android.widget.GridView']//android.view.ViewGroup[@class='android.view.ViewGroup']//android.view.ViewGroup[@class='android.view.ViewGroup']//android.widget.TextView[@resource-id='com.xiaomi.smarthome:id/bva' and @class='android.widget.TextView']" classname="com.xiaomi.smarthome.ChooseSubCategoryDeviceActivity" time="0.0">
</testcase>
  <testcase 
  name="clickedIndex=275 action=CLICKED
xpath=//android.widget.FrameLayout[@class='android.widget.FrameLayout']//android.widget.LinearLayout[@class='android.widget.LinearLayout']//android.widget.FrameLayout[@class='android.widget.FrameLayout']//android.widget.LinearLayout[@resource-id='com.xiaomi.smarthome:id/e_' and @class='android.widget.LinearLayout']//android.widget.FrameLayout[@resource-id='android:id/content' and @class='android.widget.FrameLayout']//android.widget.LinearLayout[@class='android.widget.LinearLayout']//android.widget.FrameLayout[@resource-id='com.xiaomi.smarthome:id/v5' and @class='android.widget.FrameLayout']//android.widget.ScrollView[@resource-id='com.xiaomi.smarthome:id/d0_' and @class='android.widget.ScrollView']//android.widget.LinearLayout[@class='android.widget.LinearLayout']//android.widget.GridView[@resource-id='com.xiaomi.smarthome:id/d0b' and @class='android.widget.GridView']//android.view.ViewGroup[@class='android.view.ViewGroup']//android.view.ViewGroup[@class='android.view.ViewGroup']//android.widget.TextView[@resource-id='com.xiaomi.smarthome:id/bva' and @class='android.widget.TextView']" classname="com.xiaomi.smarthome.ChooseSubCategoryDeviceActivity" time="0.0">
</testcase>
  <testcase 
  name="clickedIndex=277 action=CLICKED
xpath=//android.widget.FrameLayout[@class='android.widget.FrameLayout']//android.widget.LinearLayout[@class='android.widget.LinearLayout']//android.widget.FrameLayout[@class='android.widget.FrameLayout']//android.widget.LinearLayout[@resource-id='com.xiaomi.smarthome:id/e_' and @class='android.widget.LinearLayout']//android.widget.FrameLayout[@resource-id='android:id/content' and @class='android.widget.FrameLayout']//android.widget.LinearLayout[@class='android.widget.LinearLayout']//android.widget.FrameLayout[@resource-id='com.xiaomi.smarthome:id/v5' and @class='android.widget.FrameLayout']//android.widget.ScrollView[@resource-id='com.xiaomi.smarthome:id/d0_' and @class='android.widget.ScrollView']//android.widget.LinearLayout[@class='android.widget.LinearLayout']//android.widget.GridView[@resource-id='com.xiaomi.smarthome:id/d0b' and @class='android.widget.GridView']//android.view.ViewGroup[@class='android.view.ViewGroup']//android.view.ViewGroup[@class='android.view.ViewGroup']//android.widget.TextView[@resource-id='com.xiaomi.smarthome:id/bva' and @class='android.widget.TextView']" classname="com.xiaomi.smarthome.ChooseSubCategoryDeviceActivity" time="0.0">
</testcase>
  <testcase 
  name="clickedIndex=279 action=CLICKED
xpath=//android.widget.FrameLayout[@class='android.widget.FrameLayout']//android.widget.LinearLayout[@class='android.widget.LinearLayout']//android.widget.FrameLayout[@class='android.widget.FrameLayout']//android.widget.LinearLayout[@resource-id='com.xiaomi.smarthome:id/e_' and @class='android.widget.LinearLayout']//android.widget.FrameLayout[@resource-id='android:id/content' and @class='android.widget.FrameLayout']//android.widget.LinearLayout[@class='android.widget.LinearLayout']//android.widget.FrameLayout[@resource-id='com.xiaomi.smarthome:id/v5' and @class='android.widget.FrameLayout']//android.widget.ScrollView[@resource-id='com.xiaomi.smarthome:id/d0_' and @class='android.widget.ScrollView']//android.widget.LinearLayout[@class='android.widget.LinearLayout']//android.widget.RelativeLayout[@class='android.widget.RelativeLayout']//android.widget.FrameLayout[@class='android.widget.FrameLayout']//android.widget.LinearLayout[@resource-id='com.xiaomi.smarthome:id/yr' and @class='android.widget.LinearLayout']" classname="com.xiaomi.smarthome.ChooseSubCategoryDeviceActivity" time="0.0">
</testcase>
  <testcase 
  name="clickedIndex=280 action=CLICKED
xpath=//android.widget.FrameLayout[@class='android.widget.FrameLayout']//android.widget.LinearLayout[@class='android.widget.LinearLayout']//android.widget.FrameLayout[@class='android.widget.FrameLayout']//android.widget.LinearLayout[@resource-id='com.xiaomi.smarthome:id/e_' and @class='android.widget.LinearLayout']//android.widget.FrameLayout[@resource-id='android:id/content' and @class='android.widget.FrameLayout']//android.widget.LinearLayout[@class='android.widget.LinearLayout']//android.widget.FrameLayout[@resource-id='com.xiaomi.smarthome:id/v5' and @class='android.widget.FrameLayout']//android.widget.ScrollView[@resource-id='com.xiaomi.smarthome:id/d0_' and @class='android.widget.ScrollView']//android.widget.LinearLayout[@class='android.widget.LinearLayout']//android.widget.RelativeLayout[@class='android.widget.RelativeLayout']//android.widget.FrameLayout[@class='android.widget.FrameLayout']//android.widget.LinearLayout[@resource-id='com.xiaomi.smarthome:id/yq' and @class='android.widget.LinearLayout']" classname="com.xiaomi.smarthome.ChooseSubCategoryDeviceActivity" time="0.0">
</testcase>
  <testcase 
  name="clickedIndex=281 action=CLICKED
xpath=//android.widget.FrameLayout[@class='android.widget.FrameLayout']//android.widget.LinearLayout[@class='android.widget.LinearLayout']//android.widget.FrameLayout[@class='android.widget.FrameLayout']//android.widget.LinearLayout[@resource-id='com.xiaomi.smarthome:id/e_' and @class='android.widget.LinearLayout']//android.widget.FrameLayout[@resource-id='android:id/content' and @class='android.widget.FrameLayout']//android.widget.LinearLayout[@class='android.widget.LinearLayout']//android.widget.FrameLayout[@resource-id='com.xiaomi.smarthome:id/v5' and @class='android.widget.FrameLayout']//android.widget.ScrollView[@resource-id='com.xiaomi.smarthome:id/d0_' and @class='android.widget.ScrollView']//android.widget.LinearLayout[@class='android.widget.LinearLayout']//android.widget.RelativeLayout[@class='android.widget.RelativeLayout']//android.widget.RelativeLayout[@resource-id='com.xiaomi.smarthome:id/yi' and @class='android.widget.RelativeLayout']" classname="com.xiaomi.smarthome.ChooseSubCategoryDeviceActivity" time="0.0">
</testcase>
  <testcase 
  name="clickedIndex=282 action=CLICKED
xpath=//android.widget.FrameLayout[@class='android.widget.FrameLayout']//android.widget.LinearLayout[@class='android.widget.LinearLayout']//android.widget.FrameLayout[@resource-id='android:id/content' and @class='android.widget.FrameLayout']//android.widget.FrameLayout[@class='android.widget.FrameLayout']//android.widget.LinearLayout[@resource-id='com.xiaomi.smarthome:id/c0s' and @class='android.widget.LinearLayout']//android.widget.LinearLayout[@resource-id='com.xiaomi.smarthome:id/a2s' and @class='android.widget.LinearLayout']//android.widget.ListView[@resource-id='com.xiaomi.smarthome:id/cpc' and @class='android.widget.ListView']//android.widget.RelativeLayout[@class='android.widget.RelativeLayout']//android.widget.CheckedTextView[@resource-id='com.xiaomi.smarthome:id/d44' and @text='小米品牌' and @class='android.widget.CheckedTextView']" classname="com.xiaomi.smarthome.ChooseSubCategoryDeviceActivity" time="0.0">
</testcase>
  <testcase 
  name="clickedIndex=283 action=CLICKED
xpath=//android.widget.FrameLayout[@class='android.widget.FrameLayout']//android.widget.LinearLayout[@class='android.widget.LinearLayout']//android.widget.FrameLayout[@resource-id='android:id/content' and @class='android.widget.FrameLayout']//android.widget.FrameLayout[@class='android.widget.FrameLayout']//android.widget.LinearLayout[@resource-id='com.xiaomi.smarthome:id/c0s' and @class='android.widget.LinearLayout']//android.widget.LinearLayout[@resource-id='com.xiaomi.smarthome:id/a2s' and @class='android.widget.LinearLayout']//android.widget.ListView[@resource-id='com.xiaomi.smarthome:id/cpc' and @class='android.widget.ListView']//android.widget.CheckedTextView[@resource-id='com.xiaomi.smarthome:id/d44' and @text='小米' and @class='android.widget.CheckedTextView']" classname="com.xiaomi.smarthome.ChooseSubCategoryDeviceActivity" time="0.0">
</testcase>
  <testcase 
  name="clickedIndex=284 action=CLICKED
xpath=//android.widget.FrameLayout[@class='android.widget.FrameLayout']//android.widget.LinearLayout[@class='android.widget.LinearLayout']//android.widget.FrameLayout[@resource-id='android:id/content' and @class='android.widget.FrameLayout']//android.widget.FrameLayout[@class='android.widget.FrameLayout']//android.widget.LinearLayout[@resource-id='com.xiaomi.smarthome:id/c0s' and @class='android.widget.LinearLayout']//android.widget.LinearLayout[@resource-id='com.xiaomi.smarthome:id/a2s' and @class='android.widget.LinearLayout']//android.widget.ListView[@resource-id='com.xiaomi.smarthome:id/cpc' and @class='android.widget.ListView']//android.widget.CheckedTextView[@resource-id='com.xiaomi.smarthome:id/d44' and @text='米家' and @class='android.widget.CheckedTextView']" classname="com.xiaomi.smarthome.ChooseSubCategoryDeviceActivity" time="0.0">
</testcase>
  <testcase 
  name="clickedIndex=285 action=CLICKED
xpath=//android.widget.FrameLayout[@class='android.widget.FrameLayout']//android.widget.LinearLayout[@class='android.widget.LinearLayout']//android.widget.FrameLayout[@resource-id='android:id/content' and @class='android.widget.FrameLayout']//android.widget.FrameLayout[@class='android.widget.FrameLayout']//android.widget.LinearLayout[@resource-id='com.xiaomi.smarthome:id/c0s' and @class='android.widget.LinearLayout']//android.widget.LinearLayout[@resource-id='com.xiaomi.smarthome:id/a2s' and @class='android.widget.LinearLayout']//android.widget.ListView[@resource-id='com.xiaomi.smarthome:id/cpc' and @class='android.widget.ListView']//android.widget.CheckedTextView[@resource-id='com.xiaomi.smarthome:id/d44' and @text='小白' and @class='android.widget.CheckedTextView']" classname="com.xiaomi.smarthome.ChooseSubCategoryDeviceActivity" time="0.0">
</testcase>
  <testcase 
  name="clickedIndex=286 action=CLICKED
xpath=//android.widget.FrameLayout[@class='android.widget.FrameLayout']//android.widget.LinearLayout[@class='android.widget.LinearLayout']//android.widget.FrameLayout[@resource-id='android:id/content' and @class='android.widget.FrameLayout']//android.widget.FrameLayout[@class='android.widget.FrameLayout']//android.widget.LinearLayout[@resource-id='com.xiaomi.smarthome:id/c0s' and @class='android.widget.LinearLayout']//android.widget.LinearLayout[@resource-id='com.xiaomi.smarthome:id/a2s' and @class='android.widget.LinearLayout']//android.widget.ListView[@resource-id='com.xiaomi.smarthome:id/cpc' and @class='android.widget.ListView']//android.widget.CheckedTextView[@resource-id='com.xiaomi.smarthome:id/d44' and @text='小方' and @class='android.widget.CheckedTextView']" classname="com.xiaomi.smarthome.ChooseSubCategoryDeviceActivity" time="0.0">
</testcase>
  <testcase 
  name="clickedIndex=287 action=CLICKED
xpath=//android.widget.FrameLayout[@class='android.widget.FrameLayout']//android.widget.LinearLayout[@class='android.widget.LinearLayout']//android.widget.FrameLayout[@resource-id='android:id/content' and @class='android.widget.FrameLayout']//android.widget.FrameLayout[@class='android.widget.FrameLayout']//android.widget.LinearLayout[@resource-id='com.xiaomi.smarthome:id/c0s' and @class='android.widget.LinearLayout']//android.widget.LinearLayout[@resource-id='com.xiaomi.smarthome:id/a2s' and @class='android.widget.LinearLayout']//android.widget.ListView[@resource-id='com.xiaomi.smarthome:id/cpc' and @class='android.widget.ListView']//android.widget.CheckedTextView[@resource-id='com.xiaomi.smarthome:id/d44' and @text='鹿客' and @class='android.widget.CheckedTextView']" classname="com.xiaomi.smarthome.ChooseSubCategoryDeviceActivity" time="0.0">
</testcase>
  <testcase 
  name="clickedIndex=288 action=CLICKED
xpath=//android.widget.FrameLayout[@class='android.widget.FrameLayout']//android.widget.LinearLayout[@class='android.widget.LinearLayout']//android.widget.FrameLayout[@resource-id='android:id/content' and @class='android.widget.FrameLayout']//android.widget.FrameLayout[@class='android.widget.FrameLayout']//android.widget.LinearLayout[@resource-id='com.xiaomi.smarthome:id/c0s' and @class='android.widget.LinearLayout']//android.widget.LinearLayout[@resource-id='com.xiaomi.smarthome:id/a2s' and @class='android.widget.LinearLayout']//android.widget.ListView[@resource-id='com.xiaomi.smarthome:id/cpc' and @class='android.widget.ListView']//android.widget.CheckedTextView[@resource-id='com.xiaomi.smarthome:id/d44' and @text='Aqara' and @class='android.widget.CheckedTextView']" classname="com.xiaomi.smarthome.ChooseSubCategoryDeviceActivity" time="0.0">
</testcase>
  <testcase 
  name="clickedIndex=289 action=CLICKED
xpath=//android.widget.FrameLayout[@class='android.widget.FrameLayout']//android.widget.LinearLayout[@class='android.widget.LinearLayout']//android.widget.FrameLayout[@resource-id='android:id/content' and @class='android.widget.FrameLayout']//android.widget.FrameLayout[@class='android.widget.FrameLayout']//android.widget.LinearLayout[@resource-id='com.xiaomi.smarthome:id/c0s' and @class='android.widget.LinearLayout']//android.widget.LinearLayout[@resource-id='com.xiaomi.smarthome:id/a2s' and @class='android.widget.LinearLayout']//android.widget.ListView[@resource-id='com.xiaomi.smarthome:id/cpc' and @class='android.widget.ListView']//android.widget.RelativeLayout[@class='android.widget.RelativeLayout']" classname="com.xiaomi.smarthome.ChooseSubCategoryDeviceActivity" time="0.0">
</testcase>
  <testcase 
  name="clickedIndex=290 action=CLICKED
xpath=//android.widget.FrameLayout[@class='android.widget.FrameLayout']//android.widget.LinearLayout[@class='android.widget.LinearLayout']//android.widget.FrameLayout[@resource-id='android:id/content' and @class='android.widget.FrameLayout']//android.widget.FrameLayout[@class='android.widget.FrameLayout']//android.widget.LinearLayout[@resource-id='com.xiaomi.smarthome:id/c0s' and @class='android.widget.LinearLayout']//android.widget.LinearLayout[@resource-id='com.xiaomi.smarthome:id/s1' and @class='android.widget.LinearLayout']//android.widget.Button[@resource-id='com.xiaomi.smarthome:id/rx' and @text='重置' and @class='android.widget.Button']" classname="com.xiaomi.smarthome.ChooseSubCategoryDeviceActivity" time="0.0">
</testcase>
  <testcase 
  name="clickedIndex=291 action=CLICKED
xpath=//android.widget.FrameLayout[@class='android.widget.FrameLayout']//android.widget.LinearLayout[@class='android.widget.LinearLayout']//android.widget.FrameLayout[@resource-id='android:id/content' and @class='android.widget.FrameLayout']//android.widget.FrameLayout[@class='android.widget.FrameLayout']//android.widget.LinearLayout[@resource-id='com.xiaomi.smarthome:id/c0s' and @class='android.widget.LinearLayout']//android.widget.LinearLayout[@resource-id='com.xiaomi.smarthome:id/s1' and @class='android.widget.LinearLayout']//android.widget.Button[@resource-id='com.xiaomi.smarthome:id/ru' and @text='确定' and @class='android.widget.Button']" classname="com.xiaomi.smarthome.ChooseSubCategoryDeviceActivity" time="0.0">
</testcase>
  <testcase 
  name="clickedIndex=292 action=CLICKED
xpath=//android.widget.FrameLayout[@class='android.widget.FrameLayout']//android.widget.LinearLayout[@class='android.widget.LinearLayout']//android.widget.FrameLayout[@class='android.widget.FrameLayout']//android.widget.LinearLayout[@resource-id='com.xiaomi.smarthome:id/e_' and @class='android.widget.LinearLayout']//android.widget.FrameLayout[@resource-id='android:id/content' and @class='android.widget.FrameLayout']//android.widget.LinearLayout[@class='android.widget.LinearLayout']//android.widget.FrameLayout[@resource-id='com.xiaomi.smarthome:id/v5' and @class='android.widget.FrameLayout']//android.widget.ScrollView[@resource-id='com.xiaomi.smarthome:id/d0_' and @class='android.widget.ScrollView']//android.widget.LinearLayout[@class='android.widget.LinearLayout']//android.widget.GridView[@resource-id='com.xiaomi.smarthome:id/d0b' and @class='android.widget.GridView']//android.view.ViewGroup[@class='android.view.ViewGroup']" classname="com.xiaomi.smarthome.ChooseSubCategoryDeviceActivity" time="0.0">
</testcase>
  <testcase 
  name="clickedIndex=296 action=CLICKED
xpath=//android.widget.FrameLayout[@class='android.widget.FrameLayout']//android.widget.LinearLayout[@class='android.widget.LinearLayout']//android.widget.FrameLayout[@class='android.widget.FrameLayout']//android.widget.LinearLayout[@resource-id='com.xiaomi.smarthome:id/e_' and @class='android.widget.LinearLayout']//android.widget.FrameLayout[@resource-id='android:id/content' and @class='android.widget.FrameLayout']//android.widget.LinearLayout[@class='android.widget.LinearLayout']//android.view.ViewGroup[@resource-id='com.xiaomi.smarthome:id/d7c' and @class='android.view.ViewGroup']//android.widget.ImageView[@content-desc='返回' and @resource-id='com.xiaomi.smarthome:id/bsv' and @class='android.widget.ImageView']" classname="com.xiaomi.smarthome.ChooseSubCategoryDeviceActivity" time="0.0">
</testcase>
  <testcase 
  name="clickedIndex=298 action=CLICKED
xpath=//android.widget.FrameLayout[@class='android.widget.FrameLayout']//android.widget.LinearLayout[@class='android.widget.LinearLayout']//android.widget.FrameLayout[@class='android.widget.FrameLayout']//android.widget.LinearLayout[@resource-id='com.xiaomi.smarthome:id/e_' and @class='android.widget.LinearLayout']//android.widget.FrameLayout[@resource-id='android:id/content' and @class='android.widget.FrameLayout']//android.widget.LinearLayout[@class='android.widget.LinearLayout']//android.widget.FrameLayout[@resource-id='com.xiaomi.smarthome:id/v5' and @class='android.widget.FrameLayout']//android.widget.ScrollView[@resource-id='com.xiaomi.smarthome:id/d0_' and @class='android.widget.ScrollView']//android.widget.LinearLayout[@class='android.widget.LinearLayout']//android.widget.GridView[@resource-id='com.xiaomi.smarthome:id/d0b' and @class='android.widget.GridView']//android.view.ViewGroup[@class='android.view.ViewGroup']//android.view.ViewGroup[@class='android.view.ViewGroup']//android.widget.TextView[@resource-id='com.xiaomi.smarthome:id/bva' and @text='夏洛克智能贴锁M1' and @class='android.widget.TextView']" classname="com.xiaomi.smarthome.ChooseSubCategoryDeviceActivity" time="0.0">
</testcase>
  <testcase 
  name="clickedIndex=300 action=CLICKED
xpath=//android.widget.FrameLayout[@class='android.widget.FrameLayout']//android.widget.LinearLayout[@class='android.widget.LinearLayout']//android.widget.FrameLayout[@class='android.widget.FrameLayout']//android.widget.LinearLayout[@resource-id='com.xiaomi.smarthome:id/e_' and @class='android.widget.LinearLayout']//android.widget.FrameLayout[@resource-id='android:id/content' and @class='android.widget.FrameLayout']//android.widget.LinearLayout[@class='android.widget.LinearLayout']//android.widget.FrameLayout[@resource-id='com.xiaomi.smarthome:id/v5' and @class='android.widget.FrameLayout']//android.widget.ScrollView[@resource-id='com.xiaomi.smarthome:id/d0_' and @class='android.widget.ScrollView']//android.widget.LinearLayout[@class='android.widget.LinearLayout']//android.widget.GridView[@resource-id='com.xiaomi.smarthome:id/d0b' and @class='android.widget.GridView']//android.view.ViewGroup[@class='android.view.ViewGroup']//android.view.ViewGroup[@class='android.view.ViewGroup']//android.widget.TextView[@resource-id='com.xiaomi.smarthome:id/bva' and @text='榉树智能锁' and @class='android.widget.TextView']" classname="com.xiaomi.smarthome.ChooseSubCategoryDeviceActivity" time="0.0">
</testcase>
  <testcase 
  name="clickedIndex=302 action=CLICKED
xpath=//android.widget.FrameLayout[@class='android.widget.FrameLayout']//android.widget.LinearLayout[@class='android.widget.LinearLayout']//android.widget.FrameLayout[@class='android.widget.FrameLayout']//android.widget.LinearLayout[@resource-id='com.xiaomi.smarthome:id/e_' and @class='android.widget.LinearLayout']//android.widget.FrameLayout[@resource-id='android:id/content' and @class='android.widget.FrameLayout']//android.widget.LinearLayout[@class='android.widget.LinearLayout']//android.widget.FrameLayout[@resource-id='com.xiaomi.smarthome:id/v5' and @class='android.widget.FrameLayout']//android.widget.ScrollView[@resource-id='com.xiaomi.smarthome:id/d0_' and @class='android.widget.ScrollView']//android.widget.LinearLayout[@class='android.widget.LinearLayout']//android.widget.GridView[@resource-id='com.xiaomi.smarthome:id/d0b' and @class='android.widget.GridView']//android.view.ViewGroup[@class='android.view.ViewGroup']//android.view.ViewGroup[@class='android.view.ViewGroup']//android.widget.TextView[@resource-id='com.xiaomi.smarthome:id/bva' and @text='智能锁芯' and @class='android.widget.TextView']" classname="com.xiaomi.smarthome.ChooseSubCategoryDeviceActivity" time="0.0">
</testcase>
  <testcase 
  name="clickedIndex=304 action=CLICKED
xpath=//android.widget.FrameLayout[@class='android.widget.FrameLayout']//android.widget.LinearLayout[@class='android.widget.LinearLayout']//android.widget.FrameLayout[@class='android.widget.FrameLayout']//android.widget.LinearLayout[@resource-id='com.xiaomi.smarthome:id/e_' and @class='android.widget.LinearLayout']//android.widget.FrameLayout[@resource-id='android:id/content' and @class='android.widget.FrameLayout']//android.widget.LinearLayout[@class='android.widget.LinearLayout']//android.widget.FrameLayout[@resource-id='com.xiaomi.smarthome:id/v5' and @class='android.widget.FrameLayout']//android.widget.ScrollView[@resource-id='com.xiaomi.smarthome:id/d0_' and @class='android.widget.ScrollView']//android.widget.LinearLayout[@class='android.widget.LinearLayout']//android.widget.GridView[@resource-id='com.xiaomi.smarthome:id/d0b' and @class='android.widget.GridView']//android.view.ViewGroup[@class='android.view.ViewGroup']//android.view.ViewGroup[@class='android.view.ViewGroup']//android.widget.TextView[@resource-id='com.xiaomi.smarthome:id/bva' and @text='Aqara智能门锁' and @class='android.widget.TextView']" classname="com.xiaomi.smarthome.ChooseSubCategoryDeviceActivity" time="0.0">
</testcase>
  <testcase 
  name="clickedIndex=306 action=CLICKED
xpath=//android.widget.FrameLayout[@class='android.widget.FrameLayout']//android.widget.LinearLayout[@class='android.widget.LinearLayout']//android.widget.FrameLayout[@class='android.widget.FrameLayout']//android.widget.LinearLayout[@resource-id='com.xiaomi.smarthome:id/e_' and @class='android.widget.LinearLayout']//android.widget.FrameLayout[@resource-id='android:id/content' and @class='android.widget.FrameLayout']//android.widget.LinearLayout[@class='android.widget.LinearLayout']//android.widget.FrameLayout[@resource-id='com.xiaomi.smarthome:id/v5' and @class='android.widget.FrameLayout']//android.widget.ScrollView[@resource-id='com.xiaomi.smarthome:id/d0_' and @class='android.widget.ScrollView']//android.widget.LinearLayout[@class='android.widget.LinearLayout']//android.widget.GridView[@resource-id='com.xiaomi.smarthome:id/d0b' and @class='android.widget.GridView']//android.view.ViewGroup[@class='android.view.ViewGroup']//android.view.ViewGroup[@class='android.view.ViewGroup']//android.widget.TextView[@resource-id='com.xiaomi.smarthome:id/bva' and @class='android.widget.TextView']" classname="com.xiaomi.smarthome.ChooseSubCategoryDeviceActivity" time="0.0">
</testcase>
  <testcase 
  name="clickedIndex=308 action=CLICKED
xpath=//android.widget.FrameLayout[@class='android.widget.FrameLayout']//android.widget.LinearLayout[@class='android.widget.LinearLayout']//android.widget.FrameLayout[@class='android.widget.FrameLayout']//android.widget.LinearLayout[@resource-id='com.xiaomi.smarthome:id/e_' and @class='android.widget.LinearLayout']//android.widget.FrameLayout[@resource-id='android:id/content' and @class='android.widget.FrameLayout']//android.widget.LinearLayout[@class='android.widget.LinearLayout']//android.widget.FrameLayout[@resource-id='com.xiaomi.smarthome:id/v5' and @class='android.widget.FrameLayout']//android.widget.ScrollView[@resource-id='com.xiaomi.smarthome:id/d0_' and @class='android.widget.ScrollView']//android.widget.LinearLayout[@class='android.widget.LinearLayout']//android.widget.GridView[@resource-id='com.xiaomi.smarthome:id/d0b' and @class='android.widget.GridView']//android.view.ViewGroup[@class='android.view.ViewGroup']//android.view.ViewGroup[@class='android.view.ViewGroup']//android.widget.TextView[@resource-id='com.xiaomi.smarthome:id/bva' and @text='小米智能门锁' and @class='android.widget.TextView']" classname="com.xiaomi.smarthome.ChooseSubCategoryDeviceActivity" time="0.0">
</testcase>
  <testcase 
  name="clickedIndex=310 action=CLICKED
xpath=//android.widget.FrameLayout[@class='android.widget.FrameLayout']//android.widget.LinearLayout[@class='android.widget.LinearLayout']//android.widget.FrameLayout[@class='android.widget.FrameLayout']//android.widget.LinearLayout[@resource-id='com.xiaomi.smarthome:id/e_' and @class='android.widget.LinearLayout']//android.widget.FrameLayout[@resource-id='android:id/content' and @class='android.widget.FrameLayout']//android.widget.LinearLayout[@class='android.widget.LinearLayout']//android.widget.FrameLayout[@resource-id='com.xiaomi.smarthome:id/v5' and @class='android.widget.FrameLayout']//android.widget.ScrollView[@resource-id='com.xiaomi.smarthome:id/d0_' and @class='android.widget.ScrollView']//android.widget.LinearLayout[@class='android.widget.LinearLayout']//android.widget.GridView[@resource-id='com.xiaomi.smarthome:id/d0b' and @class='android.widget.GridView']//android.view.ViewGroup[@class='android.view.ViewGroup']//android.view.ViewGroup[@class='android.view.ViewGroup']//android.widget.TextView[@resource-id='com.xiaomi.smarthome:id/bva' and @class='android.widget.TextView']" classname="com.xiaomi.smarthome.ChooseSubCategoryDeviceActivity" time="0.0">
</testcase>
  <testcase 
  name="clickedIndex=312 action=CLICKED
xpath=//android.widget.FrameLayout[@class='android.widget.FrameLayout']//android.widget.LinearLayout[@class='android.widget.LinearLayout']//android.widget.FrameLayout[@class='android.widget.FrameLayout']//android.widget.LinearLayout[@resource-id='com.xiaomi.smarthome:id/e_' and @class='android.widget.LinearLayout']//android.widget.FrameLayout[@resource-id='android:id/content' and @class='android.widget.FrameLayout']//android.widget.LinearLayout[@class='android.widget.LinearLayout']//android.widget.FrameLayout[@resource-id='com.xiaomi.smarthome:id/v5' and @class='android.widget.FrameLayout']//android.widget.ScrollView[@resource-id='com.xiaomi.smarthome:id/d0_' and @class='android.widget.ScrollView']//android.widget.LinearLayout[@class='android.widget.LinearLayout']//android.widget.GridView[@resource-id='com.xiaomi.smarthome:id/d0b' and @class='android.widget.GridView']//android.view.ViewGroup[@class='android.view.ViewGroup']//android.view.ViewGroup[@class='android.view.ViewGroup']//android.widget.TextView[@resource-id='com.xiaomi.smarthome:id/bva' and @text='鹿客智能门锁Q2' and @class='android.widget.TextView']" classname="com.xiaomi.smarthome.ChooseSubCategoryDeviceActivity" time="0.0">
</testcase>
  <testcase 
  name="clickedIndex=314 action=CLICKED
xpath=//android.widget.FrameLayout[@class='android.widget.FrameLayout']//android.widget.LinearLayout[@class='android.widget.LinearLayout']//android.widget.FrameLayout[@class='android.widget.FrameLayout']//android.widget.LinearLayout[@resource-id='com.xiaomi.smarthome:id/e_' and @class='android.widget.LinearLayout']//android.widget.FrameLayout[@resource-id='android:id/content' and @class='android.widget.FrameLayout']//android.widget.LinearLayout[@class='android.widget.LinearLayout']//android.widget.FrameLayout[@resource-id='com.xiaomi.smarthome:id/v5' and @class='android.widget.FrameLayout']//android.widget.ScrollView[@resource-id='com.xiaomi.smarthome:id/d0_' and @class='android.widget.ScrollView']//android.widget.LinearLayout[@class='android.widget.LinearLayout']//android.widget.GridView[@resource-id='com.xiaomi.smarthome:id/d0b' and @class='android.widget.GridView']//android.view.ViewGroup[@class='android.view.ViewGroup']//android.view.ViewGroup[@class='android.view.ViewGroup']//android.widget.TextView[@resource-id='com.xiaomi.smarthome:id/bva' and @text='优点智能锁M2' and @class='android.widget.TextView']" classname="com.xiaomi.smarthome.ChooseSubCategoryDeviceActivity" time="0.0">
</testcase>
  <testcase 
  name="clickedIndex=316 action=CLICKED
xpath=//android.widget.FrameLayout[@class='android.widget.FrameLayout']//android.widget.LinearLayout[@class='android.widget.LinearLayout']//android.widget.FrameLayout[@class='android.widget.FrameLayout']//android.widget.LinearLayout[@resource-id='com.xiaomi.smarthome:id/e_' and @class='android.widget.LinearLayout']//android.widget.FrameLayout[@resource-id='android:id/content' and @class='android.widget.FrameLayout']//android.widget.LinearLayout[@class='android.widget.LinearLayout']//android.widget.FrameLayout[@resource-id='com.xiaomi.smarthome:id/v5' and @class='android.widget.FrameLayout']//android.widget.ScrollView[@resource-id='com.xiaomi.smarthome:id/d0_' and @class='android.widget.ScrollView']//android.widget.LinearLayout[@class='android.widget.LinearLayout']//android.widget.GridView[@resource-id='com.xiaomi.smarthome:id/d0b' and @class='android.widget.GridView']//android.view.ViewGroup[@class='android.view.ViewGroup']//android.view.ViewGroup[@class='android.view.ViewGroup']//android.widget.TextView[@resource-id='com.xiaomi.smarthome:id/bva' and @text='创米小白智能门锁C1' and @class='android.widget.TextView']" classname="com.xiaomi.smarthome.ChooseSubCategoryDeviceActivity" time="0.0">
</testcase>
  <testcase 
  name="clickedIndex=318 action=CLICKED
xpath=//android.widget.FrameLayout[@class='android.widget.FrameLayout']//android.widget.LinearLayout[@class='android.widget.LinearLayout']//android.widget.FrameLayout[@class='android.widget.FrameLayout']//android.widget.LinearLayout[@resource-id='com.xiaomi.smarthome:id/e_' and @class='android.widget.LinearLayout']//android.widget.FrameLayout[@resource-id='android:id/content' and @class='android.widget.FrameLayout']//android.widget.LinearLayout[@class='android.widget.LinearLayout']//android.widget.FrameLayout[@resource-id='com.xiaomi.smarthome:id/v5' and @class='android.widget.FrameLayout']//android.widget.ScrollView[@resource-id='com.xiaomi.smarthome:id/d0_' and @class='android.widget.ScrollView']//android.widget.LinearLayout[@class='android.widget.LinearLayout']//android.widget.GridView[@resource-id='com.xiaomi.smarthome:id/d0b' and @class='android.widget.GridView']//android.view.ViewGroup[@class='android.view.ViewGroup']//android.view.ViewGroup[@class='android.view.ViewGroup']//android.widget.TextView[@resource-id='com.xiaomi.smarthome:id/bva' and @text='OJJ智能门锁X1' and @class='android.widget.TextView']" classname="com.xiaomi.smarthome.ChooseSubCategoryDeviceActivity" time="0.0">
</testcase>
  <testcase 
  name="clickedIndex=320 action=CLICKED
xpath=//android.widget.FrameLayout[@class='android.widget.FrameLayout']//android.widget.LinearLayout[@class='android.widget.LinearLayout']//android.widget.FrameLayout[@class='android.widget.FrameLayout']//android.widget.LinearLayout[@resource-id='com.xiaomi.smarthome:id/e_' and @class='android.widget.LinearLayout']//android.widget.FrameLayout[@resource-id='android:id/content' and @class='android.widget.FrameLayout']//android.widget.LinearLayout[@class='android.widget.LinearLayout']//android.widget.FrameLayout[@resource-id='com.xiaomi.smarthome:id/v5' and @class='android.widget.FrameLayout']//android.widget.ScrollView[@resource-id='com.xiaomi.smarthome:id/d0_' and @class='android.widget.ScrollView']//android.widget.LinearLayout[@class='android.widget.LinearLayout']//android.widget.GridView[@resource-id='com.xiaomi.smarthome:id/d0b' and @class='android.widget.GridView']//android.view.ViewGroup[@class='android.view.ViewGroup']//android.view.ViewGroup[@class='android.view.ViewGroup']//android.widget.TextView[@resource-id='com.xiaomi.smarthome:id/bva' and @class='android.widget.TextView']" classname="com.xiaomi.smarthome.ChooseSubCategoryDeviceActivity" time="0.0">
</testcase>
  <testcase 
  name="clickedIndex=322 action=CLICKED
xpath=//android.widget.FrameLayout[@class='android.widget.FrameLayout']//android.widget.LinearLayout[@class='android.widget.LinearLayout']//android.widget.FrameLayout[@class='android.widget.FrameLayout']//android.widget.LinearLayout[@resource-id='com.xiaomi.smarthome:id/e_' and @class='android.widget.LinearLayout']//android.widget.FrameLayout[@resource-id='android:id/content' and @class='android.widget.FrameLayout']//android.widget.LinearLayout[@class='android.widget.LinearLayout']//android.widget.FrameLayout[@resource-id='com.xiaomi.smarthome:id/v5' and @class='android.widget.FrameLayout']//android.widget.ScrollView[@resource-id='com.xiaomi.smarthome:id/d0_' and @class='android.widget.ScrollView']//android.widget.LinearLayout[@class='android.widget.LinearLayout']//android.widget.GridView[@resource-id='com.xiaomi.smarthome:id/d0b' and @class='android.widget.GridView']//android.view.ViewGroup[@class='android.view.ViewGroup']//android.view.ViewGroup[@class='android.view.ViewGroup']//android.widget.TextView[@resource-id='com.xiaomi.smarthome:id/bva' and @text='榉树智能门锁KX' and @class='android.widget.TextView']" classname="com.xiaomi.smarthome.ChooseSubCategoryDeviceActivity" time="0.0">
</testcase>
  <testcase 
  name="clickedIndex=324 action=CLICKED
xpath=//android.widget.FrameLayout[@class='android.widget.FrameLayout']//android.widget.LinearLayout[@class='android.widget.LinearLayout']//android.widget.FrameLayout[@class='android.widget.FrameLayout']//android.widget.LinearLayout[@resource-id='com.xiaomi.smarthome:id/e_' and @class='android.widget.LinearLayout']//android.widget.FrameLayout[@resource-id='android:id/content' and @class='android.widget.FrameLayout']//android.widget.LinearLayout[@class='android.widget.LinearLayout']//android.widget.FrameLayout[@resource-id='com.xiaomi.smarthome:id/v5' and @class='android.widget.FrameLayout']//android.widget.ScrollView[@resource-id='com.xiaomi.smarthome:id/d0_' and @class='android.widget.ScrollView']//android.widget.LinearLayout[@class='android.widget.LinearLayout']//android.widget.GridView[@resource-id='com.xiaomi.smarthome:id/d0b' and @class='android.widget.GridView']//android.view.ViewGroup[@class='android.view.ViewGroup']//android.view.ViewGroup[@class='android.view.ViewGroup']//android.widget.TextView[@resource-id='com.xiaomi.smarthome:id/bva' and @text='小白智能门锁G1' and @class='android.widget.TextView']" classname="com.xiaomi.smarthome.ChooseSubCategoryDeviceActivity" time="0.0">
</testcase>
  <testcase 
  name="clickedIndex=326 action=CLICKED
xpath=//android.widget.FrameLayout[@class='android.widget.FrameLayout']//android.widget.LinearLayout[@class='android.widget.LinearLayout']//android.widget.FrameLayout[@class='android.widget.FrameLayout']//android.widget.LinearLayout[@resource-id='com.xiaomi.smarthome:id/e_' and @class='android.widget.LinearLayout']//android.widget.FrameLayout[@resource-id='android:id/content' and @class='android.widget.FrameLayout']//android.widget.LinearLayout[@class='android.widget.LinearLayout']//android.widget.FrameLayout[@resource-id='com.xiaomi.smarthome:id/v5' and @class='android.widget.FrameLayout']//android.widget.ScrollView[@resource-id='com.xiaomi.smarthome:id/d0_' and @class='android.widget.ScrollView']//android.widget.LinearLayout[@class='android.widget.LinearLayout']//android.widget.GridView[@resource-id='com.xiaomi.smarthome:id/d0b' and @class='android.widget.GridView']//android.view.ViewGroup[@class='android.view.ViewGroup']//android.view.ViewGroup[@class='android.view.ViewGroup']//android.widget.TextView[@resource-id='com.xiaomi.smarthome:id/bva' and @text='创米小白智能门锁X7' and @class='android.widget.TextView']" classname="com.xiaomi.smarthome.ChooseSubCategoryDeviceActivity" time="0.0">
</testcase>
  <testcase 
  name="clickedIndex=328 action=CLICKED
xpath=//android.widget.FrameLayout[@class='android.widget.FrameLayout']" classname="com.xiaomi.smarthome.ChooseSubCategoryDeviceActivity" time="0.0">
</testcase>
  <testcase 
  name="clickedIndex=330 action=CLICKED
xpath=//android.widget.FrameLayout[@class='android.widget.FrameLayout']//android.widget.LinearLayout[@class='android.widget.LinearLayout']//android.widget.FrameLayout[@class='android.widget.FrameLayout']//android.widget.LinearLayout[@resource-id='com.xiaomi.smarthome:id/e_' and @class='android.widget.LinearLayout']//android.widget.FrameLayout[@resource-id='android:id/content' and @class='android.widget.FrameLayout']//android.widget.LinearLayout[@class='android.widget.LinearLayout']//android.widget.FrameLayout[@resource-id='com.xiaomi.smarthome:id/v5' and @class='android.widget.FrameLayout']//android.widget.ScrollView[@resource-id='com.xiaomi.smarthome:id/d0_' and @class='android.widget.ScrollView']//android.widget.LinearLayout[@class='android.widget.LinearLayout']//android.widget.GridView[@resource-id='com.xiaomi.smarthome:id/d0b' and @class='android.widget.GridView']//android.view.ViewGroup[@class='android.view.ViewGroup']//android.view.ViewGroup[@class='android.view.ViewGroup']//android.widget.TextView[@resource-id='com.xiaomi.smarthome:id/bva' and @text='卡唛安诺指纹保险箱' and @class='android.widget.TextView']" classname="com.xiaomi.smarthome.ChooseSubCategoryDeviceActivity" time="0.0">
</testcase>
  <testcase 
  name="clickedIndex=332 action=CLICKED
xpath=//android.widget.FrameLayout[@class='android.widget.FrameLayout']//android.widget.LinearLayout[@class='android.widget.LinearLayout']//android.widget.FrameLayout[@class='android.widget.FrameLayout']//android.widget.LinearLayout[@resource-id='com.xiaomi.smarthome:id/e_' and @class='android.widget.LinearLayout']//android.widget.FrameLayout[@resource-id='android:id/content' and @class='android.widget.FrameLayout']//android.widget.LinearLayout[@class='android.widget.LinearLayout']//android.widget.FrameLayout[@resource-id='com.xiaomi.smarthome:id/v5' and @class='android.widget.FrameLayout']//android.widget.ScrollView[@resource-id='com.xiaomi.smarthome:id/d0_' and @class='android.widget.ScrollView']//android.widget.LinearLayout[@class='android.widget.LinearLayout']//android.widget.GridView[@resource-id='com.xiaomi.smarthome:id/d0b' and @class='android.widget.GridView']//android.view.ViewGroup[@class='android.view.ViewGroup']//android.view.ViewGroup[@class='android.view.ViewGroup']//android.widget.TextView[@resource-id='com.xiaomi.smarthome:id/bva' and @text='卡唛安诺电子保管箱' and @class='android.widget.TextView']" classname="com.xiaomi.smarthome.ChooseSubCategoryDeviceActivity" time="0.0">
</testcase>
  <testcase 
  name="clickedIndex=334 action=CLICKED
xpath=//android.widget.FrameLayout[@class='android.widget.FrameLayout']//android.widget.LinearLayout[@class='android.widget.LinearLayout']//android.widget.FrameLayout[@class='android.widget.FrameLayout']//android.widget.LinearLayout[@resource-id='com.xiaomi.smarthome:id/e_' and @class='android.widget.LinearLayout']//android.widget.FrameLayout[@resource-id='android:id/content' and @class='android.widget.FrameLayout']//android.widget.LinearLayout[@class='android.widget.LinearLayout']//android.widget.FrameLayout[@resource-id='com.xiaomi.smarthome:id/v5' and @class='android.widget.FrameLayout']//android.widget.ScrollView[@resource-id='com.xiaomi.smarthome:id/d0_' and @class='android.widget.ScrollView']//android.widget.LinearLayout[@class='android.widget.LinearLayout']//android.widget.GridView[@resource-id='com.xiaomi.smarthome:id/d0b' and @class='android.widget.GridView']//android.view.ViewGroup[@class='android.view.ViewGroup']//android.view.ViewGroup[@class='android.view.ViewGroup']//android.widget.TextView[@resource-id='com.xiaomi.smarthome:id/bva' and @text='卡唛指纹保管箱' and @class='android.widget.TextView']" classname="com.xiaomi.smarthome.ChooseSubCategoryDeviceActivity" time="0.0">
</testcase>
  <testcase 
  name="clickedIndex=336 action=CLICKED
xpath=//android.widget.FrameLayout[@class='android.widget.FrameLayout']//android.widget.LinearLayout[@class='android.widget.LinearLayout']//android.widget.FrameLayout[@class='android.widget.FrameLayout']//android.widget.LinearLayout[@resource-id='com.xiaomi.smarthome:id/e_' and @class='android.widget.LinearLayout']//android.widget.FrameLayout[@resource-id='android:id/content' and @class='android.widget.FrameLayout']//android.widget.LinearLayout[@class='android.widget.LinearLayout']//android.widget.FrameLayout[@resource-id='com.xiaomi.smarthome:id/v5' and @class='android.widget.FrameLayout']//android.widget.ScrollView[@resource-id='com.xiaomi.smarthome:id/d0_' and @class='android.widget.ScrollView']//android.widget.LinearLayout[@class='android.widget.LinearLayout']//android.widget.GridView[@resource-id='com.xiaomi.smarthome:id/d0b' and @class='android.widget.GridView']//android.view.ViewGroup[@class='android.view.ViewGroup']//android.view.ViewGroup[@class='android.view.ViewGroup']//android.widget.TextView[@resource-id='com.xiaomi.smarthome:id/bva' and @text='指静脉识别私密箱' and @class='android.widget.TextView']" classname="com.xiaomi.smarthome.ChooseSubCategoryDeviceActivity" time="0.0">
</testcase>
  <testcase 
  name="clickedIndex=341 action=CLICKED
xpath=//android.widget.FrameLayout[@class='android.widget.FrameLayout']//android.widget.LinearLayout[@class='android.widget.LinearLayout']//android.widget.FrameLayout[@class='android.widget.FrameLayout']//android.widget.LinearLayout[@resource-id='com.xiaomi.smarthome:id/e_' and @class='android.widget.LinearLayout']//android.widget.FrameLayout[@resource-id='android:id/content' and @class='android.widget.FrameLayout']//android.widget.LinearLayout[@class='android.widget.LinearLayout']//android.widget.FrameLayout[@resource-id='com.xiaomi.smarthome:id/v5' and @class='android.widget.FrameLayout']//android.widget.ScrollView[@resource-id='com.xiaomi.smarthome:id/d0_' and @class='android.widget.ScrollView']//android.widget.LinearLayout[@class='android.widget.LinearLayout']//android.widget.GridView[@resource-id='com.xiaomi.smarthome:id/d0b' and @class='android.widget.GridView']//android.view.ViewGroup[@class='android.view.ViewGroup']//android.view.ViewGroup[@class='android.view.ViewGroup']//android.widget.TextView[@resource-id='com.xiaomi.smarthome:id/bva' and @class='android.widget.TextView']" classname="com.xiaomi.smarthome.ChooseSubCategoryDeviceActivity" time="0.0">
</testcase>
  <testcase 
  name="clickedIndex=343 action=CLICKED
xpath=//android.widget.FrameLayout[@class='android.widget.FrameLayout']//android.widget.LinearLayout[@class='android.widget.LinearLayout']//android.widget.FrameLayout[@class='android.widget.FrameLayout']//android.widget.LinearLayout[@resource-id='com.xiaomi.smarthome:id/e_' and @class='android.widget.LinearLayout']//android.widget.FrameLayout[@resource-id='android:id/content' and @class='android.widget.FrameLayout']//android.widget.LinearLayout[@class='android.widget.LinearLayout']//android.widget.FrameLayout[@resource-id='com.xiaomi.smarthome:id/v5' and @class='android.widget.FrameLayout']//android.widget.ScrollView[@resource-id='com.xiaomi.smarthome:id/d0_' and @class='android.widget.ScrollView']//android.widget.LinearLayout[@class='android.widget.LinearLayout']//android.widget.GridView[@resource-id='com.xiaomi.smarthome:id/d0b' and @class='android.widget.GridView']//android.view.ViewGroup[@class='android.view.ViewGroup']//android.view.ViewGroup[@class='android.view.ViewGroup']//android.widget.TextView[@resource-id='com.xiaomi.smarthome:id/bva' and @text='米家智能保管箱' and @class='android.widget.TextView']" classname="com.xiaomi.smarthome.ChooseSubCategoryDeviceActivity" time="0.0">
</testcase>
  <testcase 
  name="clickedIndex=346 action=CLICKED
xpath=//android.widget.FrameLayout[@class='android.widget.FrameLayout']//android.widget.LinearLayout[@class='android.widget.LinearLayout']//android.widget.FrameLayout[@class='android.widget.FrameLayout']//android.widget.LinearLayout[@resource-id='com.xiaomi.smarthome:id/e_' and @class='android.widget.LinearLayout']//android.widget.FrameLayout[@resource-id='android:id/content' and @class='android.widget.FrameLayout']//android.widget.LinearLayout[@class='android.widget.LinearLayout']//android.widget.FrameLayout[@resource-id='com.xiaomi.smarthome:id/v5' and @class='android.widget.FrameLayout']//android.widget.ScrollView[@resource-id='com.xiaomi.smarthome:id/d0_' and @class='android.widget.ScrollView']//android.widget.LinearLayout[@class='android.widget.LinearLayout']//android.widget.GridView[@resource-id='com.xiaomi.smarthome:id/d0b' and @class='android.widget.GridView']//android.view.ViewGroup[@class='android.view.ViewGroup']//android.view.ViewGroup[@class='android.view.ViewGroup']//android.widget.TextView[@resource-id='com.xiaomi.smarthome:id/bva' and @text='卡唛卡诺智能保管箱' and @class='android.widget.TextView']" classname="com.xiaomi.smarthome.ChooseSubCategoryDeviceActivity" time="0.0">
</testcase>
  <testcase 
  name="clickedIndex=348 action=CLICKED
xpath=//android.widget.FrameLayout[@class='android.widget.FrameLayout']//android.widget.LinearLayout[@class='android.widget.LinearLayout']//android.widget.FrameLayout[@class='android.widget.FrameLayout']//android.widget.LinearLayout[@resource-id='com.xiaomi.smarthome:id/e_' and @class='android.widget.LinearLayout']//android.widget.FrameLayout[@resource-id='android:id/content' and @class='android.widget.FrameLayout']//android.widget.LinearLayout[@class='android.widget.LinearLayout']//android.widget.FrameLayout[@resource-id='com.xiaomi.smarthome:id/v5' and @class='android.widget.FrameLayout']//android.widget.ScrollView[@resource-id='com.xiaomi.smarthome:id/d0_' and @class='android.widget.ScrollView']//android.widget.LinearLayout[@class='android.widget.LinearLayout']//android.widget.GridView[@resource-id='com.xiaomi.smarthome:id/d0b' and @class='android.widget.GridView']//android.view.ViewGroup[@class='android.view.ViewGroup']//android.view.ViewGroup[@class='android.view.ViewGroup']//android.widget.TextView[@resource-id='com.xiaomi.smarthome:id/bva' and @class='android.widget.TextView']" classname="com.xiaomi.smarthome.ChooseSubCategoryDeviceActivity" time="0.0">
</testcase>
  <testcase 
  name="clickedIndex=350 action=CLICKED
xpath=//android.widget.FrameLayout[@class='android.widget.FrameLayout']//android.widget.LinearLayout[@class='android.widget.LinearLayout']//android.widget.FrameLayout[@class='android.widget.FrameLayout']//android.widget.LinearLayout[@resource-id='com.xiaomi.smarthome:id/e_' and @class='android.widget.LinearLayout']//android.widget.FrameLayout[@resource-id='android:id/content' and @class='android.widget.FrameLayout']//android.widget.LinearLayout[@class='android.widget.LinearLayout']//android.widget.FrameLayout[@resource-id='com.xiaomi.smarthome:id/v5' and @class='android.widget.FrameLayout']//android.widget.ScrollView[@resource-id='com.xiaomi.smarthome:id/d0_' and @class='android.widget.ScrollView']//android.widget.LinearLayout[@class='android.widget.LinearLayout']//android.widget.GridView[@resource-id='com.xiaomi.smarthome:id/d0b' and @class='android.widget.GridView']//android.view.ViewGroup[@class='android.view.ViewGroup']//android.view.ViewGroup[@class='android.view.ViewGroup']//android.widget.TextView[@resource-id='com.xiaomi.smarthome:id/bva' and @text='博凡W系列保管箱' and @class='android.widget.TextView']" classname="com.xiaomi.smarthome.ChooseSubCategoryDeviceActivity" time="0.0">
</testcase>
  <testcase 
  name="clickedIndex=353 action=CLICKED
xpath=//android.widget.FrameLayout[@class='android.widget.FrameLayout']//android.widget.LinearLayout[@class='android.widget.LinearLayout']//android.widget.FrameLayout[@class='android.widget.FrameLayout']//android.widget.LinearLayout[@resource-id='com.xiaomi.smarthome:id/e_' and @class='android.widget.LinearLayout']//android.widget.FrameLayout[@resource-id='android:id/content' and @class='android.widget.FrameLayout']//android.widget.LinearLayout[@class='android.widget.LinearLayout']//android.widget.FrameLayout[@resource-id='com.xiaomi.smarthome:id/v5' and @class='android.widget.FrameLayout']//android.widget.ScrollView[@resource-id='com.xiaomi.smarthome:id/d0_' and @class='android.widget.ScrollView']//android.widget.LinearLayout[@class='android.widget.LinearLayout']//android.widget.GridView[@resource-id='com.xiaomi.smarthome:id/d0b' and @class='android.widget.GridView']//android.view.ViewGroup[@class='android.view.ViewGroup']//android.view.ViewGroup[@class='android.view.ViewGroup']//android.widget.TextView[@resource-id='com.xiaomi.smarthome:id/bva' and @class='android.widget.TextView']" classname="com.xiaomi.smarthome.ChooseSubCategoryDeviceActivity" time="0.0">
</testcase>
  <testcase 
  name="clickedIndex=355 action=CLICKED
xpath=//android.widget.FrameLayout[@class='android.widget.FrameLayout']//android.widget.LinearLayout[@class='android.widget.LinearLayout']//android.widget.FrameLayout[@class='android.widget.FrameLayout']//android.widget.LinearLayout[@resource-id='com.xiaomi.smarthome:id/e_' and @class='android.widget.LinearLayout']//android.widget.FrameLayout[@resource-id='android:id/content' and @class='android.widget.FrameLayout']//android.widget.LinearLayout[@class='android.widget.LinearLayout']//android.widget.FrameLayout[@resource-id='com.xiaomi.smarthome:id/v5' and @class='android.widget.FrameLayout']//android.widget.ScrollView[@resource-id='com.xiaomi.smarthome:id/d0_' and @class='android.widget.ScrollView']//android.widget.LinearLayout[@class='android.widget.LinearLayout']//android.widget.GridView[@resource-id='com.xiaomi.smarthome:id/d0b' and @class='android.widget.GridView']//android.view.ViewGroup[@class='android.view.ViewGroup']//android.view.ViewGroup[@class='android.view.ViewGroup']//android.widget.TextView[@resource-id='com.xiaomi.smarthome:id/bva' and @text='卡唛百宝智能保险柜' and @class='android.widget.TextView']" classname="com.xiaomi.smarthome.ChooseSubCategoryDeviceActivity" time="0.0">
</testcase>
  <testcase 
  name="clickedIndex=358 action=CLICKED
xpath=//android.widget.FrameLayout[@class='android.widget.FrameLayout']//android.widget.LinearLayout[@class='android.widget.LinearLayout']//android.widget.FrameLayout[@class='android.widget.FrameLayout']//android.widget.LinearLayout[@resource-id='com.xiaomi.smarthome:id/e_' and @class='android.widget.LinearLayout']//android.widget.FrameLayout[@resource-id='android:id/content' and @class='android.widget.FrameLayout']//android.widget.LinearLayout[@class='android.widget.LinearLayout']//android.widget.FrameLayout[@resource-id='com.xiaomi.smarthome:id/v5' and @class='android.widget.FrameLayout']//android.widget.ScrollView[@resource-id='com.xiaomi.smarthome:id/d0_' and @class='android.widget.ScrollView']//android.widget.LinearLayout[@class='android.widget.LinearLayout']//android.widget.GridView[@resource-id='com.xiaomi.smarthome:id/d0b' and @class='android.widget.GridView']//android.view.ViewGroup[@class='android.view.ViewGroup']//android.view.ViewGroup[@class='android.view.ViewGroup']//android.widget.TextView[@resource-id='com.xiaomi.smarthome:id/bva' and @text='卡唛米刻指纹保管箱' and @class='android.widget.TextView']" classname="com.xiaomi.smarthome.ChooseSubCategoryDeviceActivity" time="0.0">
</testcase>
  <testcase 
  name="clickedIndex=360 action=CLICKED
xpath=//android.widget.FrameLayout[@class='android.widget.FrameLayout']//android.widget.LinearLayout[@class='android.widget.LinearLayout']//android.widget.FrameLayout[@class='android.widget.FrameLayout']//android.widget.LinearLayout[@resource-id='com.xiaomi.smarthome:id/e_' and @class='android.widget.LinearLayout']//android.widget.FrameLayout[@resource-id='android:id/content' and @class='android.widget.FrameLayout']//android.widget.LinearLayout[@class='android.widget.LinearLayout']//android.widget.FrameLayout[@resource-id='com.xiaomi.smarthome:id/v5' and @class='android.widget.FrameLayout']//android.widget.ScrollView[@resource-id='com.xiaomi.smarthome:id/d0_' and @class='android.widget.ScrollView']//android.widget.LinearLayout[@class='android.widget.LinearLayout']//android.widget.GridView[@resource-id='com.xiaomi.smarthome:id/d0b' and @class='android.widget.GridView']//android.view.ViewGroup[@class='android.view.ViewGroup']//android.view.ViewGroup[@class='android.view.ViewGroup']//android.widget.TextView[@resource-id='com.xiaomi.smarthome:id/bva' and @class='android.widget.TextView']" classname="com.xiaomi.smarthome.ChooseSubCategoryDeviceActivity" time="0.0">
</testcase>
  <testcase 
  name="clickedIndex=362 action=CLICKED
xpath=//android.widget.FrameLayout[@class='android.widget.FrameLayout']//android.widget.LinearLayout[@class='android.widget.LinearLayout']//android.widget.FrameLayout[@class='android.widget.FrameLayout']//android.widget.LinearLayout[@resource-id='com.xiaomi.smarthome:id/e_' and @class='android.widget.LinearLayout']//android.widget.FrameLayout[@resource-id='android:id/content' and @class='android.widget.FrameLayout']//android.widget.LinearLayout[@class='android.widget.LinearLayout']//android.widget.FrameLayout[@resource-id='com.xiaomi.smarthome:id/v5' and @class='android.widget.FrameLayout']//android.widget.ScrollView[@resource-id='com.xiaomi.smarthome:id/d0_' and @class='android.widget.ScrollView']//android.widget.LinearLayout[@class='android.widget.LinearLayout']//android.widget.GridView[@resource-id='com.xiaomi.smarthome:id/d0b' and @class='android.widget.GridView']//android.view.ViewGroup[@class='android.view.ViewGroup']//android.view.ViewGroup[@class='android.view.ViewGroup']//android.widget.TextView[@resource-id='com.xiaomi.smarthome:id/bva' and @text='卡唛水滴型智能保管箱' and @class='android.widget.TextView']" classname="com.xiaomi.smarthome.ChooseSubCategoryDeviceActivity" time="0.0">
</testcase>
  <testcase 
  name="clickedIndex=365 action=CLICKED
xpath=//android.widget.FrameLayout[@class='android.widget.FrameLayout']//android.widget.LinearLayout[@class='android.widget.LinearLayout']//android.widget.FrameLayout[@class='android.widget.FrameLayout']//android.widget.LinearLayout[@resource-id='com.xiaomi.smarthome:id/e_' and @class='android.widget.LinearLayout']//android.widget.FrameLayout[@resource-id='android:id/content' and @class='android.widget.FrameLayout']//android.widget.LinearLayout[@class='android.widget.LinearLayout']//android.widget.FrameLayout[@resource-id='com.xiaomi.smarthome:id/v5' and @class='android.widget.FrameLayout']//android.widget.ScrollView[@resource-id='com.xiaomi.smarthome:id/d0_' and @class='android.widget.ScrollView']//android.widget.LinearLayout[@class='android.widget.LinearLayout']//android.widget.GridView[@resource-id='com.xiaomi.smarthome:id/d0b' and @class='android.widget.GridView']//android.view.ViewGroup[@class='android.view.ViewGroup']//android.view.ViewGroup[@class='android.view.ViewGroup']//android.widget.TextView[@resource-id='com.xiaomi.smarthome:id/bva' and @class='android.widget.TextView']" classname="com.xiaomi.smarthome.ChooseSubCategoryDeviceActivity" time="0.0">
</testcase>
  <testcase 
  name="clickedIndex=369 action=CLICKED
xpath=//android.widget.FrameLayout[@class='android.widget.FrameLayout']//android.widget.LinearLayout[@class='android.widget.LinearLayout']//android.widget.FrameLayout[@class='android.widget.FrameLayout']//android.widget.LinearLayout[@resource-id='com.xiaomi.smarthome:id/e_' and @class='android.widget.LinearLayout']//android.widget.FrameLayout[@resource-id='android:id/content' and @class='android.widget.FrameLayout']//android.widget.LinearLayout[@class='android.widget.LinearLayout']//android.widget.FrameLayout[@resource-id='com.xiaomi.smarthome:id/v5' and @class='android.widget.FrameLayout']//android.widget.ScrollView[@resource-id='com.xiaomi.smarthome:id/d0_' and @class='android.widget.ScrollView']//android.widget.LinearLayout[@class='android.widget.LinearLayout']//android.widget.GridView[@resource-id='com.xiaomi.smarthome:id/d0b' and @class='android.widget.GridView']//android.view.ViewGroup[@class='android.view.ViewGroup']//android.view.ViewGroup[@class='android.view.ViewGroup']//android.widget.TextView[@resource-id='com.xiaomi.smarthome:id/bva' and @class='android.widget.TextView']" classname="com.xiaomi.smarthome.ChooseSubCategoryDeviceActivity" time="0.0">
</testcase>
  <testcase 
  name="clickedIndex=371 action=CLICKED
xpath=//android.widget.FrameLayout[@class='android.widget.FrameLayout']//android.widget.LinearLayout[@class='android.widget.LinearLayout']//android.widget.FrameLayout[@class='android.widget.FrameLayout']//android.widget.LinearLayout[@resource-id='com.xiaomi.smarthome:id/e_' and @class='android.widget.LinearLayout']//android.widget.FrameLayout[@resource-id='android:id/content' and @class='android.widget.FrameLayout']//android.widget.LinearLayout[@class='android.widget.LinearLayout']//android.widget.FrameLayout[@resource-id='com.xiaomi.smarthome:id/v5' and @class='android.widget.FrameLayout']//android.widget.ScrollView[@resource-id='com.xiaomi.smarthome:id/d0_' and @class='android.widget.ScrollView']//android.widget.LinearLayout[@class='android.widget.LinearLayout']//android.widget.GridView[@resource-id='com.xiaomi.smarthome:id/d0b' and @class='android.widget.GridView']//android.view.ViewGroup[@class='android.view.ViewGroup']//android.view.ViewGroup[@class='android.view.ViewGroup']//android.widget.TextView[@resource-id='com.xiaomi.smarthome:id/bva' and @class='android.widget.TextView']" classname="com.xiaomi.smarthome.ChooseSubCategoryDeviceActivity" time="0.0">
</testcase>
  <testcase 
  name="clickedIndex=373 action=CLICKED
xpath=//android.widget.FrameLayout[@class='android.widget.FrameLayout']//android.widget.LinearLayout[@class='android.widget.LinearLayout']//android.widget.FrameLayout[@class='android.widget.FrameLayout']//android.widget.LinearLayout[@resource-id='com.xiaomi.smarthome:id/e_' and @class='android.widget.LinearLayout']//android.widget.FrameLayout[@resource-id='android:id/content' and @class='android.widget.FrameLayout']//android.widget.LinearLayout[@class='android.widget.LinearLayout']//android.widget.FrameLayout[@resource-id='com.xiaomi.smarthome:id/v5' and @class='android.widget.FrameLayout']//android.widget.ScrollView[@resource-id='com.xiaomi.smarthome:id/d0_' and @class='android.widget.ScrollView']//android.widget.LinearLayout[@class='android.widget.LinearLayout']//android.widget.GridView[@resource-id='com.xiaomi.smarthome:id/d0b' and @class='android.widget.GridView']//android.view.ViewGroup[@class='android.view.ViewGroup']//android.view.ViewGroup[@class='android.view.ViewGroup']//android.widget.TextView[@resource-id='com.xiaomi.smarthome:id/bva' and @class='android.widget.TextView']" classname="com.xiaomi.smarthome.ChooseSubCategoryDeviceActivity" time="0.0">
</testcase>
  <testcase 
  name="clickedIndex=375 action=CLICKED
xpath=//android.widget.FrameLayout[@class='android.widget.FrameLayout']//android.widget.LinearLayout[@class='android.widget.LinearLayout']//android.widget.FrameLayout[@class='android.widget.FrameLayout']//android.widget.LinearLayout[@resource-id='com.xiaomi.smarthome:id/e_' and @class='android.widget.LinearLayout']//android.widget.FrameLayout[@resource-id='android:id/content' and @class='android.widget.FrameLayout']//android.widget.LinearLayout[@class='android.widget.LinearLayout']//android.widget.FrameLayout[@resource-id='com.xiaomi.smarthome:id/v5' and @class='android.widget.FrameLayout']//android.widget.ScrollView[@resource-id='com.xiaomi.smarthome:id/d0_' and @class='android.widget.ScrollView']//android.widget.LinearLayout[@class='android.widget.LinearLayout']//android.widget.GridView[@resource-id='com.xiaomi.smarthome:id/d0b' and @class='android.widget.GridView']//android.view.ViewGroup[@class='android.view.ViewGroup']//android.view.ViewGroup[@class='android.view.ViewGroup']//android.widget.TextView[@resource-id='com.xiaomi.smarthome:id/bva' and @class='android.widget.TextView']" classname="com.xiaomi.smarthome.ChooseSubCategoryDeviceActivity" time="0.0">
</testcase>
  <testcase 
  name="clickedIndex=379 action=CLICKED
xpath=//android.widget.FrameLayout[@class='android.widget.FrameLayout']//android.widget.LinearLayout[@class='android.widget.LinearLayout']//android.widget.FrameLayout[@class='android.widget.FrameLayout']//android.widget.LinearLayout[@resource-id='com.xiaomi.smarthome:id/e_' and @class='android.widget.LinearLayout']//android.widget.FrameLayout[@resource-id='android:id/content' and @class='android.widget.FrameLayout']//android.widget.LinearLayout[@class='android.widget.LinearLayout']//android.widget.FrameLayout[@resource-id='com.xiaomi.smarthome:id/v5' and @class='android.widget.FrameLayout']//android.widget.ScrollView[@resource-id='com.xiaomi.smarthome:id/d0_' and @class='android.widget.ScrollView']//android.widget.LinearLayout[@class='android.widget.LinearLayout']//android.widget.GridView[@resource-id='com.xiaomi.smarthome:id/d0b' and @class='android.widget.GridView']//android.view.ViewGroup[@class='android.view.ViewGroup']//android.view.ViewGroup[@class='android.view.ViewGroup']//android.widget.TextView[@resource-id='com.xiaomi.smarthome:id/bva' and @text='小白智慧门H1' and @class='android.widget.TextView']" classname="com.xiaomi.smarthome.ChooseSubCategoryDeviceActivity" time="0.0">
</testcase>
  <testcase 
  name="clickedIndex=380 action=CLICKED
xpath=//android.widget.FrameLayout[@class='android.widget.FrameLayout']//android.widget.LinearLayout[@class='android.widget.LinearLayout']//android.widget.FrameLayout[@resource-id='android:id/content' and @class='android.widget.FrameLayout']//android.widget.FrameLayout[@class='android.widget.FrameLayout']//android.widget.LinearLayout[@resource-id='com.xiaomi.smarthome:id/c0s' and @class='android.widget.LinearLayout']//android.widget.LinearLayout[@resource-id='com.xiaomi.smarthome:id/s1' and @class='android.widget.LinearLayout']//android.widget.Button[@resource-id='com.xiaomi.smarthome:id/rx' and @text='取消' and @class='android.widget.Button']" classname="com.xiaomi.smarthome.ChooseSubCategoryDeviceActivity" time="0.0">
</testcase>
  <testcase 
  name="clickedIndex=381 action=CLICKED
xpath=//android.widget.FrameLayout[@class='android.widget.FrameLayout']//android.widget.LinearLayout[@class='android.widget.LinearLayout']//android.widget.FrameLayout[@class='android.widget.FrameLayout']//android.widget.LinearLayout[@resource-id='com.xiaomi.smarthome:id/e_' and @class='android.widget.LinearLayout']//android.widget.FrameLayout[@resource-id='android:id/content' and @class='android.widget.FrameLayout']//android.widget.LinearLayout[@class='android.widget.LinearLayout']//android.widget.FrameLayout[@resource-id='com.xiaomi.smarthome:id/v5' and @class='android.widget.FrameLayout']//android.widget.ScrollView[@resource-id='com.xiaomi.smarthome:id/d0_' and @class='android.widget.ScrollView']//android.widget.LinearLayout[@class='android.widget.LinearLayout']//android.widget.GridView[@resource-id='com.xiaomi.smarthome:id/d0b' and @class='android.widget.GridView']//android.view.ViewGroup[@class='android.view.ViewGroup']//android.view.ViewGroup[@class='android.view.ViewGroup']//android.widget.TextView[@resource-id='com.xiaomi.smarthome:id/bva' and @class='android.widget.TextView']" classname="com.xiaomi.smarthome.ChooseSubCategoryDeviceActivity" time="0.0">
</testcase>
  <testcase 
  name="clickedIndex=382 action=CLICKED
xpath=//android.widget.FrameLayout[@class='android.widget.FrameLayout']//android.widget.LinearLayout[@class='android.widget.LinearLayout']//android.widget.FrameLayout[@resource-id='android:id/content' and @class='android.widget.FrameLayout']//android.widget.FrameLayout[@class='android.widget.FrameLayout']//android.widget.LinearLayout[@resource-id='com.xiaomi.smarthome:id/c0s' and @class='android.widget.LinearLayout']//android.widget.LinearLayout[@resource-id='com.xiaomi.smarthome:id/s1' and @class='android.widget.LinearLayout']//android.widget.Button[@resource-id='com.xiaomi.smarthome:id/ru' and @text='同意' and @class='android.widget.Button']" classname="com.xiaomi.smarthome.ChooseSubCategoryDeviceActivity" time="0.0">
</testcase>
  <testcase 
  name="clickedIndex=384 action=CLICKED
xpath=//android.widget.FrameLayout[@class='android.widget.FrameLayout']//android.widget.LinearLayout[@class='android.widget.LinearLayout']//android.widget.FrameLayout[@class='android.widget.FrameLayout']//android.widget.LinearLayout[@resource-id='com.xiaomi.smarthome:id/e_' and @class='android.widget.LinearLayout']//android.widget.FrameLayout[@resource-id='android:id/content' and @class='android.widget.FrameLayout']//android.widget.LinearLayout[@class='android.widget.LinearLayout']//android.widget.FrameLayout[@resource-id='com.xiaomi.smarthome:id/v5' and @class='android.widget.FrameLayout']//android.widget.ScrollView[@resource-id='com.xiaomi.smarthome:id/d0_' and @class='android.widget.ScrollView']//android.widget.LinearLayout[@class='android.widget.LinearLayout']//android.widget.GridView[@resource-id='com.xiaomi.smarthome:id/d0b' and @class='android.widget.GridView']//android.view.ViewGroup[@class='android.view.ViewGroup']//android.view.ViewGroup[@class='android.view.ViewGroup']//android.widget.TextView[@resource-id='com.xiaomi.smarthome:id/bva' and @text='智慧门2' and @class='android.widget.TextView']" classname="com.xiaomi.smarthome.ChooseSubCategoryDeviceActivity" time="0.0">
</testcase>
  <testcase 
  name="clickedIndex=386 action=CLICKED
xpath=//android.widget.FrameLayout[@class='android.widget.FrameLayout']//android.widget.LinearLayout[@class='android.widget.LinearLayout']//android.widget.FrameLayout[@class='android.widget.FrameLayout']//android.widget.LinearLayout[@resource-id='com.xiaomi.smarthome:id/e_' and @class='android.widget.LinearLayout']//android.widget.FrameLayout[@resource-id='android:id/content' and @class='android.widget.FrameLayout']//android.widget.LinearLayout[@class='android.widget.LinearLayout']//android.widget.FrameLayout[@resource-id='com.xiaomi.smarthome:id/v5' and @class='android.widget.FrameLayout']//android.widget.ScrollView[@resource-id='com.xiaomi.smarthome:id/d0_' and @class='android.widget.ScrollView']//android.widget.LinearLayout[@class='android.widget.LinearLayout']//android.widget.GridView[@resource-id='com.xiaomi.smarthome:id/d0b' and @class='android.widget.GridView']//android.view.ViewGroup[@class='android.view.ViewGroup']//android.view.ViewGroup[@class='android.view.ViewGroup']//android.widget.TextView[@resource-id='com.xiaomi.smarthome:id/bva' and @text='云鹿智能门P1' and @class='android.widget.TextView']" classname="com.xiaomi.smarthome.ChooseSubCategoryDeviceActivity" time="0.0">
</testcase>
  <testcase 
  name="clickedIndex=388 action=CLICKED
xpath=//android.widget.FrameLayout[@class='android.widget.FrameLayout']//android.widget.LinearLayout[@class='android.widget.LinearLayout']//android.widget.FrameLayout[@class='android.widget.FrameLayout']//android.widget.LinearLayout[@resource-id='com.xiaomi.smarthome:id/e_' and @class='android.widget.LinearLayout']//android.widget.FrameLayout[@resource-id='android:id/content' and @class='android.widget.FrameLayout']//android.widget.LinearLayout[@class='android.widget.LinearLayout']//android.widget.FrameLayout[@resource-id='com.xiaomi.smarthome:id/v5' and @class='android.widget.FrameLayout']//android.widget.ScrollView[@resource-id='com.xiaomi.smarthome:id/d0_' and @class='android.widget.ScrollView']//android.widget.LinearLayout[@class='android.widget.LinearLayout']//android.widget.GridView[@resource-id='com.xiaomi.smarthome:id/d0b' and @class='android.widget.GridView']//android.view.ViewGroup[@class='android.view.ViewGroup']//android.view.ViewGroup[@class='android.view.ViewGroup']//android.widget.TextView[@resource-id='com.xiaomi.smarthome:id/bva' and @text='云鹿智能门U' and @class='android.widget.TextView']" classname="com.xiaomi.smarthome.ChooseSubCategoryDeviceActivity" time="0.0">
</testcase>
  <testcase 
  name="clickedIndex=390 action=CLICKED
xpath=//android.widget.FrameLayout[@class='android.widget.FrameLayout']//android.widget.LinearLayout[@class='android.widget.LinearLayout']//android.widget.FrameLayout[@class='android.widget.FrameLayout']//android.widget.LinearLayout[@resource-id='com.xiaomi.smarthome:id/e_' and @class='android.widget.LinearLayout']//android.widget.FrameLayout[@resource-id='android:id/content' and @class='android.widget.FrameLayout']//android.widget.LinearLayout[@class='android.widget.LinearLayout']//android.widget.FrameLayout[@resource-id='com.xiaomi.smarthome:id/v5' and @class='android.widget.FrameLayout']//android.widget.ScrollView[@resource-id='com.xiaomi.smarthome:id/d0_' and @class='android.widget.ScrollView']//android.widget.LinearLayout[@class='android.widget.LinearLayout']//android.widget.GridView[@resource-id='com.xiaomi.smarthome:id/d0b' and @class='android.widget.GridView']//android.view.ViewGroup[@class='android.view.ViewGroup']//android.view.ViewGroup[@class='android.view.ViewGroup']//android.widget.TextView[@resource-id='com.xiaomi.smarthome:id/bva' and @text='云鹿智能门Y' and @class='android.widget.TextView']" classname="com.xiaomi.smarthome.ChooseSubCategoryDeviceActivity" time="0.0">
</testcase>
  <testcase 
  name="clickedIndex=392 action=CLICKED
xpath=//android.widget.FrameLayout[@class='android.widget.FrameLayout']//android.widget.LinearLayout[@class='android.widget.LinearLayout']//android.widget.FrameLayout[@class='android.widget.FrameLayout']//android.widget.LinearLayout[@resource-id='com.xiaomi.smarthome:id/e_' and @class='android.widget.LinearLayout']//android.widget.FrameLayout[@resource-id='android:id/content' and @class='android.widget.FrameLayout']//android.widget.LinearLayout[@class='android.widget.LinearLayout']//android.widget.FrameLayout[@resource-id='com.xiaomi.smarthome:id/v5' and @class='android.widget.FrameLayout']//android.widget.ScrollView[@resource-id='com.xiaomi.smarthome:id/d0_' and @class='android.widget.ScrollView']//android.widget.LinearLayout[@class='android.widget.LinearLayout']//android.widget.GridView[@resource-id='com.xiaomi.smarthome:id/d0b' and @class='android.widget.GridView']//android.view.ViewGroup[@class='android.view.ViewGroup']//android.view.ViewGroup[@class='android.view.ViewGroup']//android.widget.TextView[@resource-id='com.xiaomi.smarthome:id/bva' and @text='云鹿智能门P50' and @class='android.widget.TextView']" classname="com.xiaomi.smarthome.ChooseSubCategoryDeviceActivity" time="0.0">
</testcase>
  <testcase 
  name="clickedIndex=394 action=CLICKED
xpath=//android.widget.FrameLayout[@class='android.widget.FrameLayout']//android.widget.LinearLayout[@class='android.widget.LinearLayout']//android.widget.FrameLayout[@class='android.widget.FrameLayout']//android.widget.LinearLayout[@resource-id='com.xiaomi.smarthome:id/e_' and @class='android.widget.LinearLayout']//android.widget.FrameLayout[@resource-id='android:id/content' and @class='android.widget.FrameLayout']//android.widget.LinearLayout[@class='android.widget.LinearLayout']//android.widget.FrameLayout[@resource-id='com.xiaomi.smarthome:id/v5' and @class='android.widget.FrameLayout']//android.widget.ScrollView[@resource-id='com.xiaomi.smarthome:id/d0_' and @class='android.widget.ScrollView']//android.widget.LinearLayout[@class='android.widget.LinearLayout']//android.widget.GridView[@resource-id='com.xiaomi.smarthome:id/d0b' and @class='android.widget.GridView']//android.view.ViewGroup[@class='android.view.ViewGroup']//android.view.ViewGroup[@class='android.view.ViewGroup']//android.widget.TextView[@resource-id='com.xiaomi.smarthome:id/bva' and @text='云鹿智能门K2' and @class='android.widget.TextView']" classname="com.xiaomi.smarthome.ChooseSubCategoryDeviceActivity" time="0.0">
</testcase>
  <system-out><![CDATA[]]></system-out>
  <system-err><![CDATA[]]></system-err>
</testsuite>
