<?xml version="1.0" encoding="UTF-8" ?>
<testsuite 
errors="0" failures="0" hostname="ubuntu" name="com.xiaomi.smarthome.看家时间段" tests="12" time="0.0" timestamp="2023-07-25T20:16:40">
  <properties>
    <property name="java.runtime.name" value="OpenJDK Runtime Environment"/>
    <property 
    name="sun.boot.library.path" value="/usr/lib/jvm/java-8-openjdk-amd64/jre/lib/amd64">
</property>
    <property name="java.vm.version" value="25.362-b09"/>
    <property name="java.vm.vendor" value="Private Build"/>
    <property name="java.vendor.url" value="http://java.oracle.com/"/>
    <property name="path.separator" value=":"/>
    <property name="java.vm.name" value="OpenJDK 64-Bit Server VM"/>
    <property name="file.encoding.pkg" value="sun.io"/>
    <property name="sun.java.launcher" value="SUN_STANDARD"/>
    <property name="sun.os.patch.level" value="unknown"/>
    <property 
    name="java.vm.specification.name" value="Java Virtual Machine Specification">
</property>
    <property 
    name="user.dir" value="/home/szx/Documents/UI-run/appcrawler/mihome">
</property>
    <property 
    name="java.runtime.version" value="1.8.0_362-8u372-ga~us1-0ubuntu1~20.04-b09">
</property>
    <property 
    name="java.awt.graphicsenv" value="sun.awt.X11GraphicsEnvironment">
</property>
    <property 
    name="java.endorsed.dirs" value="/usr/lib/jvm/java-8-openjdk-amd64/jre/lib/endorsed">
</property>
    <property name="os.arch" value="amd64"/>
    <property 
    name="javax.accessibility.assistive_technologies" value="org.GNOME.Accessibility.AtkWrapper">
</property>
    <property name="java.io.tmpdir" value="/tmp"/>
    <property name="line.separator" value=" "/>
    <property name="java.vm.specification.vendor" value="Oracle Corporation"/>
    <property name="os.name" value="Linux"/>
    <property name="sun.jnu.encoding" value="UTF-8"/>
    <property 
    name="java.library.path" value="/usr/java/packages/lib/amd64:/usr/lib/x86_64-linux-gnu/jni:/lib/x86_64-linux-gnu:/usr/lib/x86_64-linux-gnu:/usr/lib/jni:/lib:/usr/lib">
</property>
    <property 
    name="java.specification.name" value="Java Platform API Specification">
</property>
    <property name="java.class.version" value="52.0"/>
    <property 
    name="sun.management.compiler" value="HotSpot 64-Bit Tiered Compilers">
</property>
    <property name="os.version" value="5.13.0-19-generic"/>
    <property name="user.home" value="/home/szx"/>
    <property name="user.timezone" value="America/Los_Angeles"/>
    <property name="java.awt.printerjob" value="sun.print.PSPrinterJob"/>
    <property name="file.encoding" value="UTF-8"/>
    <property name="java.specification.version" value="1.8"/>
    <property name="user.name" value="szx"/>
    <property name="java.class.path" value="../appcrawler-2.7.4-hogwarts.jar"/>
    <property name="java.vm.specification.version" value="1.8"/>
    <property name="sun.arch.data.model" value="64"/>
    <property name="java.home" value="/usr/lib/jvm/java-8-openjdk-amd64/jre"/>
    <property 
    name="sun.java.command" value="../appcrawler-2.7.4-hogwarts.jar -c mihome.yaml">
</property>
    <property name="java.specification.vendor" value="Oracle Corporation"/>
    <property name="user.language" value="en"/>
    <property name="awt.toolkit" value="sun.awt.X11.XToolkit"/>
    <property name="java.vm.info" value="mixed mode"/>
    <property name="java.version" value="1.8.0_362"/>
    <property 
    name="java.ext.dirs" value="/usr/lib/jvm/java-8-openjdk-amd64/jre/lib/ext:/usr/java/packages/lib/ext">
</property>
    <property 
    name="sun.boot.class.path" value="/usr/lib/jvm/java-8-openjdk-amd64/jre/lib/resources.jar:/usr/lib/jvm/java-8-openjdk-amd64/jre/lib/rt.jar:/usr/lib/jvm/java-8-openjdk-amd64/jre/lib/sunrsasign.jar:/usr/lib/jvm/java-8-openjdk-amd64/jre/lib/jsse.jar:/usr/lib/jvm/java-8-openjdk-amd64/jre/lib/jce.jar:/usr/lib/jvm/java-8-openjdk-amd64/jre/lib/charsets.jar:/usr/lib/jvm/java-8-openjdk-amd64/jre/lib/jfr.jar:/usr/lib/jvm/java-8-openjdk-amd64/jre/classes">
</property>
    <property name="java.vendor" value="Private Build"/>
    <property name="java.specification.maintenance.version" value="4"/>
    <property name="file.separator" value="/"/>
    <property 
    name="java.vendor.url.bug" value="http://bugreport.sun.com/bugreport/">
</property>
    <property name="sun.cpu.endian" value="little"/>
    <property name="sun.io.unicode.encoding" value="UnicodeLittle"/>
    <property name="sun.font.fontmanager" value="sun.awt.X11FontManager"/>
    <property name="sun.desktop" value="gnome"/>
    <property name="sun.cpu.isalist" value=""/>
  </properties>
  <testcase 
  name="clickedIndex=24 action=CLICKED
xpath=//android.widget.FrameLayout[@class='android.widget.FrameLayout']//android.widget.LinearLayout[@class='android.widget.LinearLayout']//android.widget.FrameLayout[@class='android.widget.FrameLayout']//android.widget.LinearLayout[@resource-id='com.xiaomi.smarthome:id/e_' and @class='android.widget.LinearLayout']//android.widget.FrameLayout[@resource-id='android:id/content' and @class='android.widget.FrameLayout']//android.widget.LinearLayout[@class='android.widget.LinearLayout']//android.widget.ScrollView[@class='android.widget.ScrollView']//android.widget.LinearLayout[@class='android.widget.LinearLayout']//android.widget.LinearLayout[@class='android.widget.LinearLayout']//android.widget.FrameLayout[@resource-id='com.xiaomi.smarthome:id/cro' and @class='android.widget.FrameLayout']//android.widget.LinearLayout[@class='android.widget.LinearLayout']//android.widget.LinearLayout[@resource-id='com.xiaomi.smarthome:id/d8_' and @class='android.widget.LinearLayout']//android.widget.TextView[@resource-id='com.xiaomi.smarthome:id/csd' and @text='看家时间段' and @class='android.widget.TextView']" classname="com.xiaomi.smarthome.看家时间段" time="0.0">
</testcase>
  <testcase 
  name="clickedIndex=48 action=CLICKED
xpath=//android.widget.FrameLayout[@class='android.widget.FrameLayout']//android.widget.LinearLayout[@class='android.widget.LinearLayout']//android.widget.FrameLayout[@class='android.widget.FrameLayout']//android.widget.LinearLayout[@resource-id='com.xiaomi.smarthome:id/e_' and @class='android.widget.LinearLayout']//android.widget.FrameLayout[@resource-id='android:id/content' and @class='android.widget.FrameLayout']//android.widget.LinearLayout[@class='android.widget.LinearLayout']//android.widget.ScrollView[@class='android.widget.ScrollView']//android.widget.LinearLayout[@class='android.widget.LinearLayout']//android.widget.LinearLayout[@resource-id='com.xiaomi.smarthome:id/h5' and @class='android.widget.LinearLayout']//android.widget.FrameLayout[@resource-id='com.xiaomi.smarthome:id/crj' and @class='android.widget.FrameLayout']//android.widget.LinearLayout[@class='android.widget.LinearLayout']//android.widget.LinearLayout[@resource-id='com.xiaomi.smarthome:id/d8_' and @class='android.widget.LinearLayout']//android.widget.TextView[@resource-id='com.xiaomi.smarthome:id/csd' and @text='分区灵敏度设置' and @class='android.widget.TextView']" classname="com.xiaomi.smarthome.看家时间段" time="0.0">
</testcase>
  <testcase 
  name="clickedIndex=56 action=CLICKED
xpath=//android.widget.FrameLayout[@class='android.widget.FrameLayout']//android.widget.LinearLayout[@class='android.widget.LinearLayout']//android.widget.FrameLayout[@class='android.widget.FrameLayout']//android.widget.LinearLayout[@resource-id='com.xiaomi.smarthome:id/e_' and @class='android.widget.LinearLayout']//android.widget.FrameLayout[@resource-id='android:id/content' and @class='android.widget.FrameLayout']//android.widget.LinearLayout[@class='android.widget.LinearLayout']//android.widget.ScrollView[@class='android.widget.ScrollView']//android.widget.LinearLayout[@class='android.widget.LinearLayout']//android.widget.LinearLayout[@resource-id='com.xiaomi.smarthome:id/h5' and @class='android.widget.LinearLayout']//android.widget.FrameLayout[@resource-id='com.xiaomi.smarthome:id/crn' and @class='android.widget.FrameLayout']//android.widget.LinearLayout[@class='android.widget.LinearLayout']//android.widget.LinearLayout[@resource-id='com.xiaomi.smarthome:id/d8_' and @class='android.widget.LinearLayout']//android.widget.TextView[@resource-id='com.xiaomi.smarthome:id/csd' and @text='报警时间间隔' and @class='android.widget.TextView']" classname="com.xiaomi.smarthome.看家时间段" time="0.0">
</testcase>
  <testcase 
  name="clickedIndex=58 action=CLICKED
xpath=//android.widget.FrameLayout[@class='android.widget.FrameLayout']//android.widget.LinearLayout[@class='android.widget.LinearLayout']//android.widget.FrameLayout[@class='android.widget.FrameLayout']//android.widget.LinearLayout[@resource-id='com.xiaomi.smarthome:id/e_' and @class='android.widget.LinearLayout']//android.widget.FrameLayout[@resource-id='android:id/content' and @class='android.widget.FrameLayout']//android.widget.LinearLayout[@class='android.widget.LinearLayout']//android.widget.ScrollView[@class='android.widget.ScrollView']//android.widget.LinearLayout[@class='android.widget.LinearLayout']//android.widget.LinearLayout[@resource-id='com.xiaomi.smarthome:id/h5' and @class='android.widget.LinearLayout']//android.widget.FrameLayout[@resource-id='com.xiaomi.smarthome:id/crn' and @class='android.widget.FrameLayout']//android.widget.LinearLayout[@class='android.widget.LinearLayout']//android.widget.LinearLayout[@resource-id='com.xiaomi.smarthome:id/d8_' and @class='android.widget.LinearLayout']//android.widget.TextView[@resource-id='com.xiaomi.smarthome:id/csb' and @class='android.widget.TextView']" classname="com.xiaomi.smarthome.看家时间段" time="0.0">
</testcase>
  <testcase 
  name="clickedIndex=65 action=CLICKED
xpath=//android.widget.FrameLayout[@class='android.widget.FrameLayout']//android.widget.LinearLayout[@class='android.widget.LinearLayout']//android.widget.FrameLayout[@class='android.widget.FrameLayout']//android.widget.LinearLayout[@resource-id='com.xiaomi.smarthome:id/e_' and @class='android.widget.LinearLayout']//android.widget.FrameLayout[@resource-id='android:id/content' and @class='android.widget.FrameLayout']//android.widget.LinearLayout[@class='android.widget.LinearLayout']//android.widget.ScrollView[@class='android.widget.ScrollView']//android.widget.LinearLayout[@class='android.widget.LinearLayout']//android.widget.LinearLayout[@resource-id='com.xiaomi.smarthome:id/h5' and @class='android.widget.LinearLayout']//android.widget.FrameLayout[@resource-id='com.xiaomi.smarthome:id/crh' and @class='android.widget.FrameLayout']//android.widget.LinearLayout[@class='android.widget.LinearLayout']//android.widget.LinearLayout[@resource-id='com.xiaomi.smarthome:id/d8_' and @class='android.widget.LinearLayout']//android.widget.TextView[@resource-id='com.xiaomi.smarthome:id/csd' and @text='推送事件' and @class='android.widget.TextView']" classname="com.xiaomi.smarthome.看家时间段" time="0.0">
</testcase>
  <testcase 
  name="clickedIndex=68 action=CLICKED
xpath=//android.widget.FrameLayout[@class='android.widget.FrameLayout']//android.widget.LinearLayout[@class='android.widget.LinearLayout']//android.widget.FrameLayout[@class='android.widget.FrameLayout']//android.widget.LinearLayout[@resource-id='com.xiaomi.smarthome:id/e_' and @class='android.widget.LinearLayout']//android.widget.FrameLayout[@resource-id='android:id/content' and @class='android.widget.FrameLayout']//android.widget.LinearLayout[@class='android.widget.LinearLayout']//android.widget.ScrollView[@class='android.widget.ScrollView']//android.widget.LinearLayout[@class='android.widget.LinearLayout']//android.widget.LinearLayout[@resource-id='com.xiaomi.smarthome:id/h5' and @class='android.widget.LinearLayout']//android.widget.FrameLayout[@resource-id='com.xiaomi.smarthome:id/crh' and @class='android.widget.FrameLayout']//android.widget.LinearLayout[@class='android.widget.LinearLayout']//android.widget.LinearLayout[@resource-id='com.xiaomi.smarthome:id/d8_' and @class='android.widget.LinearLayout']//android.widget.TextView[@resource-id='com.xiaomi.smarthome:id/csb' and @text='选择推送的事件' and @class='android.widget.TextView']" classname="com.xiaomi.smarthome.看家时间段" time="0.0">
</testcase>
  <testcase 
  name="clickedIndex=70 action=CLICKED
xpath=//android.widget.FrameLayout[@class='android.widget.FrameLayout']//android.widget.LinearLayout[@class='android.widget.LinearLayout']//android.widget.FrameLayout[@class='android.widget.FrameLayout']//android.widget.LinearLayout[@resource-id='com.xiaomi.smarthome:id/e_' and @class='android.widget.LinearLayout']//android.widget.FrameLayout[@resource-id='android:id/content' and @class='android.widget.FrameLayout']//android.widget.LinearLayout[@class='android.widget.LinearLayout']//android.widget.ScrollView[@class='android.widget.ScrollView']//android.widget.LinearLayout[@class='android.widget.LinearLayout']//android.widget.LinearLayout[@class='android.widget.LinearLayout']//android.widget.FrameLayout[@resource-id='com.xiaomi.smarthome:id/crg' and @class='android.widget.FrameLayout']//android.widget.LinearLayout[@class='android.widget.LinearLayout']//android.widget.CheckBox[@resource-id='com.xiaomi.smarthome:id/csc' and @class='android.widget.CheckBox']" classname="com.xiaomi.smarthome.看家时间段" time="0.0">
</testcase>
  <testcase 
  name="clickedIndex=72 action=CLICKED
xpath=//android.widget.FrameLayout[@class='android.widget.FrameLayout']//android.widget.LinearLayout[@class='android.widget.LinearLayout']//android.widget.FrameLayout[@class='android.widget.FrameLayout']//android.widget.LinearLayout[@resource-id='com.xiaomi.smarthome:id/e_' and @class='android.widget.LinearLayout']//android.widget.FrameLayout[@resource-id='android:id/content' and @class='android.widget.FrameLayout']//android.widget.LinearLayout[@class='android.widget.LinearLayout']//android.widget.ScrollView[@class='android.widget.ScrollView']//android.widget.LinearLayout[@class='android.widget.LinearLayout']//android.widget.LinearLayout[@class='android.widget.LinearLayout']//android.widget.FrameLayout[@resource-id='com.xiaomi.smarthome:id/cro' and @class='android.widget.FrameLayout']//android.widget.LinearLayout[@class='android.widget.LinearLayout']//android.widget.TextView[@resource-id='com.xiaomi.smarthome:id/cs5' and @text='晚上' and @class='android.widget.TextView']" classname="com.xiaomi.smarthome.看家时间段" time="0.0">
</testcase>
  <testcase 
  name="clickedIndex=74 action=CLICKED
xpath=//android.widget.FrameLayout[@class='android.widget.FrameLayout']//android.widget.LinearLayout[@class='android.widget.LinearLayout']//android.widget.FrameLayout[@class='android.widget.FrameLayout']//android.widget.LinearLayout[@resource-id='com.xiaomi.smarthome:id/e_' and @class='android.widget.LinearLayout']//android.widget.FrameLayout[@resource-id='android:id/content' and @class='android.widget.FrameLayout']//android.widget.LinearLayout[@class='android.widget.LinearLayout']//android.widget.ScrollView[@class='android.widget.ScrollView']//android.widget.LinearLayout[@class='android.widget.LinearLayout']//android.widget.LinearLayout[@resource-id='com.xiaomi.smarthome:id/h5' and @class='android.widget.LinearLayout']//android.widget.FrameLayout[@resource-id='com.xiaomi.smarthome:id/crj' and @class='android.widget.FrameLayout']//android.widget.LinearLayout[@class='android.widget.LinearLayout']//android.widget.TextView[@resource-id='com.xiaomi.smarthome:id/cs5' and @text='低灵敏度' and @class='android.widget.TextView']" classname="com.xiaomi.smarthome.看家时间段" time="0.0">
</testcase>
  <testcase 
  name="clickedIndex=76 action=CLICKED
xpath=//android.widget.FrameLayout[@class='android.widget.FrameLayout']//android.widget.LinearLayout[@class='android.widget.LinearLayout']//android.widget.FrameLayout[@class='android.widget.FrameLayout']//android.widget.LinearLayout[@resource-id='com.xiaomi.smarthome:id/e_' and @class='android.widget.LinearLayout']//android.widget.FrameLayout[@resource-id='android:id/content' and @class='android.widget.FrameLayout']//android.widget.LinearLayout[@class='android.widget.LinearLayout']//android.widget.ScrollView[@class='android.widget.ScrollView']//android.widget.LinearLayout[@class='android.widget.LinearLayout']//android.widget.LinearLayout[@resource-id='com.xiaomi.smarthome:id/h5' and @class='android.widget.LinearLayout']//android.widget.FrameLayout[@resource-id='com.xiaomi.smarthome:id/crn' and @class='android.widget.FrameLayout']//android.widget.LinearLayout[@class='android.widget.LinearLayout']//android.widget.TextView[@resource-id='com.xiaomi.smarthome:id/cs5' and @text='3分钟' and @class='android.widget.TextView']" classname="com.xiaomi.smarthome.看家时间段" time="0.0">
</testcase>
  <testcase 
  name="clickedIndex=78 action=CLICKED
xpath=//android.widget.FrameLayout[@class='android.widget.FrameLayout']//android.widget.LinearLayout[@class='android.widget.LinearLayout']//android.widget.FrameLayout[@class='android.widget.FrameLayout']//android.widget.LinearLayout[@resource-id='com.xiaomi.smarthome:id/e_' and @class='android.widget.LinearLayout']//android.widget.FrameLayout[@resource-id='android:id/content' and @class='android.widget.FrameLayout']//android.widget.LinearLayout[@class='android.widget.LinearLayout']//android.widget.ScrollView[@class='android.widget.ScrollView']//android.widget.LinearLayout[@class='android.widget.LinearLayout']//android.widget.LinearLayout[@class='android.widget.LinearLayout']//android.widget.FrameLayout[@resource-id='com.xiaomi.smarthome:id/cro' and @class='android.widget.FrameLayout']//android.widget.LinearLayout[@class='android.widget.LinearLayout']" classname="com.xiaomi.smarthome.看家时间段" time="0.0">
</testcase>
  <testcase 
  name="clickedIndex=80 action=CLICKED
xpath=//android.widget.FrameLayout[@class='android.widget.FrameLayout']" classname="com.xiaomi.smarthome.看家时间段" time="0.0">
</testcase>
  <system-out><![CDATA[]]></system-out>
  <system-err><![CDATA[]]></system-err>
</testsuite>
